  TextureMapping5.cpp
d:\大三上课件\yaweiliang资料\20152649_张凌峰_finalproject\project\texturemapping5\texturemapping5.cpp(53): warning C4244: “参数”: 从“double”转换到“GLfloat”，可能丢失数据
d:\大三上课件\yaweiliang资料\20152649_张凌峰_finalproject\project\texturemapping5\texturemapping5.cpp(54): warning C4244: “参数”: 从“double”转换到“GLfloat”，可能丢失数据
d:\大三上课件\yaweiliang资料\20152649_张凌峰_finalproject\project\texturemapping5\texturemapping5.cpp(55): warning C4244: “参数”: 从“double”转换到“GLfloat”，可能丢失数据
d:\大三上课件\yaweiliang资料\20152649_张凌峰_finalproject\project\texturemapping5\texturemapping5.cpp(56): warning C4244: “参数”: 从“double”转换到“GLfloat”，可能丢失数据
d:\大三上课件\yaweiliang资料\20152649_张凌峰_finalproject\project\texturemapping5\texturemapping5.cpp(199): warning C4244: “参数”: 从“double”转换到“GLfloat”，可能丢失数据
d:\大三上课件\yaweiliang资料\20152649_张凌峰_finalproject\project\texturemapping5\texturemapping5.cpp(200): warning C4244: “参数”: 从“double”转换到“GLfloat”，可能丢失数据
d:\大三上课件\yaweiliang资料\20152649_张凌峰_finalproject\project\texturemapping5\texturemapping5.cpp(201): warning C4244: “参数”: 从“double”转换到“GLfloat”，可能丢失数据
d:\大三上课件\yaweiliang资料\20152649_张凌峰_finalproject\project\texturemapping5\texturemapping5.cpp(202): warning C4244: “参数”: 从“double”转换到“GLfloat”，可能丢失数据
d:\大三上课件\yaweiliang资料\20152649_张凌峰_finalproject\project\texturemapping5\texturemapping5.cpp(203): warning C4244: “参数”: 从“double”转换到“GLfloat”，可能丢失数据
d:\大三上课件\yaweiliang资料\20152649_张凌峰_finalproject\project\texturemapping5\texturemapping5.cpp(230): warning C4244: “参数”: 从“double”转换到“GLfloat”，可能丢失数据
d:\大三上课件\yaweiliang资料\20152649_张凌峰_finalproject\project\texturemapping5\texturemapping5.cpp(231): warning C4244: “参数”: 从“double”转换到“GLfloat”，可能丢失数据
d:\大三上课件\yaweiliang资料\20152649_张凌峰_finalproject\project\texturemapping5\texturemapping5.cpp(232): warning C4244: “参数”: 从“double”转换到“GLfloat”，可能丢失数据
d:\大三上课件\yaweiliang资料\20152649_张凌峰_finalproject\project\texturemapping5\texturemapping5.cpp(233): warning C4244: “参数”: 从“double”转换到“GLfloat”，可能丢失数据
d:\大三上课件\yaweiliang资料\20152649_张凌峰_finalproject\project\texturemapping5\texturemapping5.cpp(234): warning C4244: “参数”: 从“double”转换到“GLfloat”，可能丢失数据
d:\大三上课件\yaweiliang资料\20152649_张凌峰_finalproject\project\texturemapping5\texturemapping5.cpp(235): warning C4244: “参数”: 从“int”转换到“GLfloat”，可能丢失数据
d:\大三上课件\yaweiliang资料\20152649_张凌峰_finalproject\project\texturemapping5\texturemapping5.cpp(236): warning C4305: “参数”: 从“double”到“GLfloat”截断
d:\大三上课件\yaweiliang资料\20152649_张凌峰_finalproject\project\texturemapping5\texturemapping5.cpp(239): warning C4305: “参数”: 从“double”到“GLfloat”截断
d:\大三上课件\yaweiliang资料\20152649_张凌峰_finalproject\project\texturemapping5\texturemapping5.cpp(244): warning C4244: “参数”: 从“double”转换到“GLfloat”，可能丢失数据
d:\大三上课件\yaweiliang资料\20152649_张凌峰_finalproject\project\texturemapping5\texturemapping5.cpp(245): warning C4244: “参数”: 从“double”转换到“GLfloat”，可能丢失数据
d:\大三上课件\yaweiliang资料\20152649_张凌峰_finalproject\project\texturemapping5\texturemapping5.cpp(246): warning C4244: “参数”: 从“double”转换到“GLfloat”，可能丢失数据
d:\大三上课件\yaweiliang资料\20152649_张凌峰_finalproject\project\texturemapping5\texturemapping5.cpp(247): warning C4244: “参数”: 从“double”转换到“GLfloat”，可能丢失数据
d:\大三上课件\yaweiliang资料\20152649_张凌峰_finalproject\project\texturemapping5\texturemapping5.cpp(248): warning C4244: “参数”: 从“double”转换到“GLfloat”，可能丢失数据
d:\大三上课件\yaweiliang资料\20152649_张凌峰_finalproject\project\texturemapping5\texturemapping5.cpp(249): warning C4244: “参数”: 从“int”转换到“GLfloat”，可能丢失数据
d:\大三上课件\yaweiliang资料\20152649_张凌峰_finalproject\project\texturemapping5\texturemapping5.cpp(250): warning C4305: “参数”: 从“double”到“GLfloat”截断
d:\大三上课件\yaweiliang资料\20152649_张凌峰_finalproject\project\texturemapping5\texturemapping5.cpp(252): warning C4305: “参数”: 从“double”到“GLfloat”截断
d:\大三上课件\yaweiliang资料\20152649_张凌峰_finalproject\project\texturemapping5\texturemapping5.cpp(258): warning C4244: “初始化”: 从“double”转换到“float”，可能丢失数据
d:\大三上课件\yaweiliang资料\20152649_张凌峰_finalproject\project\texturemapping5\texturemapping5.cpp(271): warning C4244: “参数”: 从“double”转换到“GLfloat”，可能丢失数据
d:\大三上课件\yaweiliang资料\20152649_张凌峰_finalproject\project\texturemapping5\texturemapping5.cpp(272): warning C4244: “参数”: 从“double”转换到“GLfloat”，可能丢失数据
d:\大三上课件\yaweiliang资料\20152649_张凌峰_finalproject\project\texturemapping5\texturemapping5.cpp(273): warning C4244: “参数”: 从“double”转换到“GLfloat”，可能丢失数据
d:\大三上课件\yaweiliang资料\20152649_张凌峰_finalproject\project\texturemapping5\texturemapping5.cpp(274): warning C4244: “参数”: 从“double”转换到“GLfloat”，可能丢失数据
d:\大三上课件\yaweiliang资料\20152649_张凌峰_finalproject\project\texturemapping5\texturemapping5.cpp(275): warning C4244: “参数”: 从“double”转换到“GLfloat”，可能丢失数据
d:\大三上课件\yaweiliang资料\20152649_张凌峰_finalproject\project\texturemapping5\texturemapping5.cpp(278): warning C4305: “参数”: 从“double”到“GLfloat”截断
d:\大三上课件\yaweiliang资料\20152649_张凌峰_finalproject\project\texturemapping5\texturemapping5.cpp(297): warning C4305: “参数”: 从“double”到“GLfloat”截断
d:\大三上课件\yaweiliang资料\20152649_张凌峰_finalproject\project\texturemapping5\texturemapping5.cpp(305): warning C4244: “参数”: 从“double”转换到“GLfloat”，可能丢失数据
d:\大三上课件\yaweiliang资料\20152649_张凌峰_finalproject\project\texturemapping5\texturemapping5.cpp(306): warning C4244: “参数”: 从“double”转换到“GLfloat”，可能丢失数据
d:\大三上课件\yaweiliang资料\20152649_张凌峰_finalproject\project\texturemapping5\texturemapping5.cpp(307): warning C4244: “参数”: 从“double”转换到“GLfloat”，可能丢失数据
d:\大三上课件\yaweiliang资料\20152649_张凌峰_finalproject\project\texturemapping5\texturemapping5.cpp(308): warning C4244: “参数”: 从“double”转换到“GLfloat”，可能丢失数据
d:\大三上课件\yaweiliang资料\20152649_张凌峰_finalproject\project\texturemapping5\texturemapping5.cpp(309): warning C4244: “参数”: 从“double”转换到“GLfloat”，可能丢失数据
d:\大三上课件\yaweiliang资料\20152649_张凌峰_finalproject\project\texturemapping5\texturemapping5.cpp(313): warning C4305: “参数”: 从“double”到“GLfloat”截断
d:\大三上课件\yaweiliang资料\20152649_张凌峰_finalproject\project\texturemapping5\texturemapping5.cpp(334): warning C4305: “参数”: 从“double”到“GLfloat”截断
d:\大三上课件\yaweiliang资料\20152649_张凌峰_finalproject\project\texturemapping5\texturemapping5.cpp(341): warning C4305: “参数”: 从“double”到“GLfloat”截断
d:\大三上课件\yaweiliang资料\20152649_张凌峰_finalproject\project\texturemapping5\texturemapping5.cpp(348): warning C4305: “参数”: 从“double”到“GLfloat”截断
d:\大三上课件\yaweiliang资料\20152649_张凌峰_finalproject\project\texturemapping5\texturemapping5.cpp(359): warning C4305: “参数”: 从“double”到“GLfloat”截断
d:\大三上课件\yaweiliang资料\20152649_张凌峰_finalproject\project\texturemapping5\texturemapping5.cpp(366): warning C4305: “参数”: 从“double”到“GLfloat”截断
d:\大三上课件\yaweiliang资料\20152649_张凌峰_finalproject\project\texturemapping5\texturemapping5.cpp(374): warning C4305: “参数”: 从“double”到“GLfloat”截断
d:\大三上课件\yaweiliang资料\20152649_张凌峰_finalproject\project\texturemapping5\texturemapping5.cpp(382): warning C4305: “参数”: 从“double”到“GLfloat”截断
d:\大三上课件\yaweiliang资料\20152649_张凌峰_finalproject\project\texturemapping5\texturemapping5.cpp(401): warning C4305: “参数”: 从“double”到“GLfloat”截断
d:\大三上课件\yaweiliang资料\20152649_张凌峰_finalproject\project\texturemapping5\texturemapping5.cpp(409): warning C4305: “参数”: 从“double”到“GLfloat”截断
d:\大三上课件\yaweiliang资料\20152649_张凌峰_finalproject\project\texturemapping5\texturemapping5.cpp(417): warning C4305: “参数”: 从“double”到“GLfloat”截断
d:\大三上课件\yaweiliang资料\20152649_张凌峰_finalproject\project\texturemapping5\texturemapping5.cpp(424): warning C4305: “参数”: 从“double”到“GLfloat”截断
d:\大三上课件\yaweiliang资料\20152649_张凌峰_finalproject\project\texturemapping5\texturemapping5.cpp(433): warning C4305: “参数”: 从“double”到“GLfloat”截断
d:\大三上课件\yaweiliang资料\20152649_张凌峰_finalproject\project\texturemapping5\texturemapping5.cpp(440): warning C4305: “参数”: 从“double”到“GLfloat”截断
d:\大三上课件\yaweiliang资料\20152649_张凌峰_finalproject\project\texturemapping5\texturemapping5.cpp(447): warning C4305: “参数”: 从“double”到“GLfloat”截断
d:\大三上课件\yaweiliang资料\20152649_张凌峰_finalproject\project\texturemapping5\texturemapping5.cpp(454): warning C4305: “参数”: 从“double”到“GLfloat”截断
d:\大三上课件\yaweiliang资料\20152649_张凌峰_finalproject\project\texturemapping5\texturemapping5.cpp(462): warning C4305: “参数”: 从“double”到“GLfloat”截断
d:\大三上课件\yaweiliang资料\20152649_张凌峰_finalproject\project\texturemapping5\texturemapping5.cpp(469): warning C4305: “参数”: 从“double”到“GLfloat”截断
d:\大三上课件\yaweiliang资料\20152649_张凌峰_finalproject\project\texturemapping5\texturemapping5.cpp(478): warning C4305: “参数”: 从“double”到“GLfloat”截断
d:\大三上课件\yaweiliang资料\20152649_张凌峰_finalproject\project\texturemapping5\texturemapping5.cpp(485): warning C4305: “参数”: 从“double”到“GLfloat”截断
d:\大三上课件\yaweiliang资料\20152649_张凌峰_finalproject\project\texturemapping5\texturemapping5.cpp(492): warning C4305: “参数”: 从“double”到“GLfloat”截断
d:\大三上课件\yaweiliang资料\20152649_张凌峰_finalproject\project\texturemapping5\texturemapping5.cpp(499): warning C4305: “参数”: 从“double”到“GLfloat”截断
d:\大三上课件\yaweiliang资料\20152649_张凌峰_finalproject\project\texturemapping5\texturemapping5.cpp(506): warning C4305: “参数”: 从“double”到“GLfloat”截断
d:\大三上课件\yaweiliang资料\20152649_张凌峰_finalproject\project\texturemapping5\texturemapping5.cpp(513): warning C4305: “参数”: 从“double”到“GLfloat”截断
d:\大三上课件\yaweiliang资料\20152649_张凌峰_finalproject\project\texturemapping5\texturemapping5.cpp(520): warning C4305: “参数”: 从“double”到“GLfloat”截断
d:\大三上课件\yaweiliang资料\20152649_张凌峰_finalproject\project\texturemapping5\texturemapping5.cpp(527): warning C4305: “参数”: 从“double”到“GLfloat”截断
d:\大三上课件\yaweiliang资料\20152649_张凌峰_finalproject\project\texturemapping5\texturemapping5.cpp(534): warning C4305: “参数”: 从“double”到“GLfloat”截断
d:\大三上课件\yaweiliang资料\20152649_张凌峰_finalproject\project\texturemapping5\texturemapping5.cpp(541): warning C4305: “参数”: 从“double”到“GLfloat”截断
d:\大三上课件\yaweiliang资料\20152649_张凌峰_finalproject\project\texturemapping5\texturemapping5.cpp(548): warning C4305: “参数”: 从“double”到“GLfloat”截断
d:\大三上课件\yaweiliang资料\20152649_张凌峰_finalproject\project\texturemapping5\texturemapping5.cpp(555): warning C4305: “参数”: 从“double”到“GLfloat”截断
d:\大三上课件\yaweiliang资料\20152649_张凌峰_finalproject\project\texturemapping5\texturemapping5.cpp(562): warning C4305: “参数”: 从“double”到“GLfloat”截断
d:\大三上课件\yaweiliang资料\20152649_张凌峰_finalproject\project\texturemapping5\texturemapping5.cpp(569): warning C4305: “参数”: 从“double”到“GLfloat”截断
d:\大三上课件\yaweiliang资料\20152649_张凌峰_finalproject\project\texturemapping5\texturemapping5.cpp(576): warning C4305: “参数”: 从“double”到“GLfloat”截断
d:\大三上课件\yaweiliang资料\20152649_张凌峰_finalproject\project\texturemapping5\texturemapping5.cpp(585): warning C4305: “参数”: 从“double”到“GLfloat”截断
d:\大三上课件\yaweiliang资料\20152649_张凌峰_finalproject\project\texturemapping5\texturemapping5.cpp(592): warning C4305: “参数”: 从“double”到“GLfloat”截断
d:\大三上课件\yaweiliang资料\20152649_张凌峰_finalproject\project\texturemapping5\texturemapping5.cpp(599): warning C4305: “参数”: 从“double”到“GLfloat”截断
d:\大三上课件\yaweiliang资料\20152649_张凌峰_finalproject\project\texturemapping5\texturemapping5.cpp(606): warning C4305: “参数”: 从“double”到“GLfloat”截断
d:\大三上课件\yaweiliang资料\20152649_张凌峰_finalproject\project\texturemapping5\texturemapping5.cpp(613): warning C4305: “参数”: 从“double”到“GLfloat”截断
d:\大三上课件\yaweiliang资料\20152649_张凌峰_finalproject\project\texturemapping5\texturemapping5.cpp(620): warning C4305: “参数”: 从“double”到“GLfloat”截断
d:\大三上课件\yaweiliang资料\20152649_张凌峰_finalproject\project\texturemapping5\texturemapping5.cpp(627): warning C4305: “参数”: 从“double”到“GLfloat”截断
d:\大三上课件\yaweiliang资料\20152649_张凌峰_finalproject\project\texturemapping5\texturemapping5.cpp(634): warning C4305: “参数”: 从“double”到“GLfloat”截断
d:\大三上课件\yaweiliang资料\20152649_张凌峰_finalproject\project\texturemapping5\texturemapping5.cpp(641): warning C4305: “参数”: 从“double”到“GLfloat”截断
d:\大三上课件\yaweiliang资料\20152649_张凌峰_finalproject\project\texturemapping5\texturemapping5.cpp(648): warning C4305: “参数”: 从“double”到“GLfloat”截断
d:\大三上课件\yaweiliang资料\20152649_张凌峰_finalproject\project\texturemapping5\texturemapping5.cpp(655): warning C4305: “参数”: 从“double”到“GLfloat”截断
d:\大三上课件\yaweiliang资料\20152649_张凌峰_finalproject\project\texturemapping5\texturemapping5.cpp(662): warning C4305: “参数”: 从“double”到“GLfloat”截断
d:\大三上课件\yaweiliang资料\20152649_张凌峰_finalproject\project\texturemapping5\texturemapping5.cpp(669): warning C4305: “参数”: 从“double”到“GLfloat”截断
d:\大三上课件\yaweiliang资料\20152649_张凌峰_finalproject\project\texturemapping5\texturemapping5.cpp(678): warning C4305: “参数”: 从“double”到“GLfloat”截断
d:\大三上课件\yaweiliang资料\20152649_张凌峰_finalproject\project\texturemapping5\texturemapping5.cpp(685): warning C4305: “参数”: 从“double”到“GLfloat”截断
d:\大三上课件\yaweiliang资料\20152649_张凌峰_finalproject\project\texturemapping5\texturemapping5.cpp(692): warning C4305: “参数”: 从“double”到“GLfloat”截断
d:\大三上课件\yaweiliang资料\20152649_张凌峰_finalproject\project\texturemapping5\texturemapping5.cpp(699): warning C4305: “参数”: 从“double”到“GLfloat”截断
d:\大三上课件\yaweiliang资料\20152649_张凌峰_finalproject\project\texturemapping5\texturemapping5.cpp(706): warning C4305: “参数”: 从“double”到“GLfloat”截断
d:\大三上课件\yaweiliang资料\20152649_张凌峰_finalproject\project\texturemapping5\texturemapping5.cpp(713): warning C4305: “参数”: 从“double”到“GLfloat”截断
d:\大三上课件\yaweiliang资料\20152649_张凌峰_finalproject\project\texturemapping5\texturemapping5.cpp(720): warning C4305: “参数”: 从“double”到“GLfloat”截断
d:\大三上课件\yaweiliang资料\20152649_张凌峰_finalproject\project\texturemapping5\texturemapping5.cpp(727): warning C4305: “参数”: 从“double”到“GLfloat”截断
d:\大三上课件\yaweiliang资料\20152649_张凌峰_finalproject\project\texturemapping5\texturemapping5.cpp(734): warning C4305: “参数”: 从“double”到“GLfloat”截断
d:\大三上课件\yaweiliang资料\20152649_张凌峰_finalproject\project\texturemapping5\texturemapping5.cpp(741): warning C4305: “参数”: 从“double”到“GLfloat”截断
d:\大三上课件\yaweiliang资料\20152649_张凌峰_finalproject\project\texturemapping5\texturemapping5.cpp(748): warning C4305: “参数”: 从“double”到“GLfloat”截断
d:\大三上课件\yaweiliang资料\20152649_张凌峰_finalproject\project\texturemapping5\texturemapping5.cpp(755): warning C4305: “参数”: 从“double”到“GLfloat”截断
d:\大三上课件\yaweiliang资料\20152649_张凌峰_finalproject\project\texturemapping5\texturemapping5.cpp(762): warning C4305: “参数”: 从“double”到“GLfloat”截断
d:\大三上课件\yaweiliang资料\20152649_张凌峰_finalproject\project\texturemapping5\texturemapping5.cpp(771): warning C4305: “参数”: 从“double”到“GLfloat”截断
d:\大三上课件\yaweiliang资料\20152649_张凌峰_finalproject\project\texturemapping5\texturemapping5.cpp(778): warning C4305: “参数”: 从“double”到“GLfloat”截断
d:\大三上课件\yaweiliang资料\20152649_张凌峰_finalproject\project\texturemapping5\texturemapping5.cpp(785): warning C4305: “参数”: 从“double”到“GLfloat”截断
d:\大三上课件\yaweiliang资料\20152649_张凌峰_finalproject\project\texturemapping5\texturemapping5.cpp(792): warning C4305: “参数”: 从“double”到“GLfloat”截断
d:\大三上课件\yaweiliang资料\20152649_张凌峰_finalproject\project\texturemapping5\texturemapping5.cpp(799): warning C4305: “参数”: 从“double”到“GLfloat”截断
d:\大三上课件\yaweiliang资料\20152649_张凌峰_finalproject\project\texturemapping5\texturemapping5.cpp(809): warning C4305: “参数”: 从“double”到“GLfloat”截断
d:\大三上课件\yaweiliang资料\20152649_张凌峰_finalproject\project\texturemapping5\texturemapping5.cpp(816): warning C4305: “参数”: 从“double”到“GLfloat”截断
d:\大三上课件\yaweiliang资料\20152649_张凌峰_finalproject\project\texturemapping5\texturemapping5.cpp(823): warning C4305: “参数”: 从“double”到“GLfloat”截断
d:\大三上课件\yaweiliang资料\20152649_张凌峰_finalproject\project\texturemapping5\texturemapping5.cpp(830): warning C4305: “参数”: 从“double”到“GLfloat”截断
d:\大三上课件\yaweiliang资料\20152649_张凌峰_finalproject\project\texturemapping5\texturemapping5.cpp(837): warning C4305: “参数”: 从“double”到“GLfloat”截断
d:\大三上课件\yaweiliang资料\20152649_张凌峰_finalproject\project\texturemapping5\texturemapping5.cpp(848): warning C4305: “参数”: 从“double”到“GLfloat”截断
d:\大三上课件\yaweiliang资料\20152649_张凌峰_finalproject\project\texturemapping5\texturemapping5.cpp(855): warning C4305: “参数”: 从“double”到“GLfloat”截断
d:\大三上课件\yaweiliang资料\20152649_张凌峰_finalproject\project\texturemapping5\texturemapping5.cpp(862): warning C4305: “参数”: 从“double”到“GLfloat”截断
d:\大三上课件\yaweiliang资料\20152649_张凌峰_finalproject\project\texturemapping5\texturemapping5.cpp(869): warning C4305: “参数”: 从“double”到“GLfloat”截断
d:\大三上课件\yaweiliang资料\20152649_张凌峰_finalproject\project\texturemapping5\texturemapping5.cpp(876): warning C4305: “参数”: 从“double”到“GLfloat”截断
d:\大三上课件\yaweiliang资料\20152649_张凌峰_finalproject\project\texturemapping5\texturemapping5.cpp(887): warning C4305: “参数”: 从“double”到“GLfloat”截断
d:\大三上课件\yaweiliang资料\20152649_张凌峰_finalproject\project\texturemapping5\texturemapping5.cpp(894): warning C4305: “参数”: 从“double”到“GLfloat”截断
d:\大三上课件\yaweiliang资料\20152649_张凌峰_finalproject\project\texturemapping5\texturemapping5.cpp(901): warning C4305: “参数”: 从“double”到“GLfloat”截断
d:\大三上课件\yaweiliang资料\20152649_张凌峰_finalproject\project\texturemapping5\texturemapping5.cpp(908): warning C4305: “参数”: 从“double”到“GLfloat”截断
d:\大三上课件\yaweiliang资料\20152649_张凌峰_finalproject\project\texturemapping5\texturemapping5.cpp(915): warning C4305: “参数”: 从“double”到“GLfloat”截断
d:\大三上课件\yaweiliang资料\20152649_张凌峰_finalproject\project\texturemapping5\texturemapping5.cpp(926): warning C4305: “参数”: 从“double”到“GLfloat”截断
d:\大三上课件\yaweiliang资料\20152649_张凌峰_finalproject\project\texturemapping5\texturemapping5.cpp(933): warning C4305: “参数”: 从“double”到“GLfloat”截断
d:\大三上课件\yaweiliang资料\20152649_张凌峰_finalproject\project\texturemapping5\texturemapping5.cpp(940): warning C4305: “参数”: 从“double”到“GLfloat”截断
d:\大三上课件\yaweiliang资料\20152649_张凌峰_finalproject\project\texturemapping5\texturemapping5.cpp(947): warning C4305: “参数”: 从“double”到“GLfloat”截断
d:\大三上课件\yaweiliang资料\20152649_张凌峰_finalproject\project\texturemapping5\texturemapping5.cpp(954): warning C4305: “参数”: 从“double”到“GLfloat”截断
d:\大三上课件\yaweiliang资料\20152649_张凌峰_finalproject\project\texturemapping5\texturemapping5.cpp(965): warning C4305: “参数”: 从“double”到“GLfloat”截断
d:\大三上课件\yaweiliang资料\20152649_张凌峰_finalproject\project\texturemapping5\texturemapping5.cpp(972): warning C4305: “参数”: 从“double”到“GLfloat”截断
d:\大三上课件\yaweiliang资料\20152649_张凌峰_finalproject\project\texturemapping5\texturemapping5.cpp(979): warning C4305: “参数”: 从“double”到“GLfloat”截断
d:\大三上课件\yaweiliang资料\20152649_张凌峰_finalproject\project\texturemapping5\texturemapping5.cpp(986): warning C4305: “参数”: 从“double”到“GLfloat”截断
d:\大三上课件\yaweiliang资料\20152649_张凌峰_finalproject\project\texturemapping5\texturemapping5.cpp(993): warning C4305: “参数”: 从“double”到“GLfloat”截断
d:\大三上课件\yaweiliang资料\20152649_张凌峰_finalproject\project\texturemapping5\texturemapping5.cpp(1004): warning C4305: “参数”: 从“double”到“GLfloat”截断
d:\大三上课件\yaweiliang资料\20152649_张凌峰_finalproject\project\texturemapping5\texturemapping5.cpp(1011): warning C4305: “参数”: 从“double”到“GLfloat”截断
d:\大三上课件\yaweiliang资料\20152649_张凌峰_finalproject\project\texturemapping5\texturemapping5.cpp(1018): warning C4305: “参数”: 从“double”到“GLfloat”截断
d:\大三上课件\yaweiliang资料\20152649_张凌峰_finalproject\project\texturemapping5\texturemapping5.cpp(1025): warning C4305: “参数”: 从“double”到“GLfloat”截断
d:\大三上课件\yaweiliang资料\20152649_张凌峰_finalproject\project\texturemapping5\texturemapping5.cpp(1032): warning C4305: “参数”: 从“double”到“GLfloat”截断
d:\大三上课件\yaweiliang资料\20152649_张凌峰_finalproject\project\texturemapping5\texturemapping5.cpp(1043): warning C4305: “参数”: 从“double”到“GLfloat”截断
d:\大三上课件\yaweiliang资料\20152649_张凌峰_finalproject\project\texturemapping5\texturemapping5.cpp(1050): warning C4305: “参数”: 从“double”到“GLfloat”截断
d:\大三上课件\yaweiliang资料\20152649_张凌峰_finalproject\project\texturemapping5\texturemapping5.cpp(1057): warning C4305: “参数”: 从“double”到“GLfloat”截断
d:\大三上课件\yaweiliang资料\20152649_张凌峰_finalproject\project\texturemapping5\texturemapping5.cpp(1064): warning C4305: “参数”: 从“double”到“GLfloat”截断
d:\大三上课件\yaweiliang资料\20152649_张凌峰_finalproject\project\texturemapping5\texturemapping5.cpp(1071): warning C4305: “参数”: 从“double”到“GLfloat”截断
d:\大三上课件\yaweiliang资料\20152649_张凌峰_finalproject\project\texturemapping5\texturemapping5.cpp(1082): warning C4305: “参数”: 从“double”到“GLfloat”截断
d:\大三上课件\yaweiliang资料\20152649_张凌峰_finalproject\project\texturemapping5\texturemapping5.cpp(1089): warning C4305: “参数”: 从“double”到“GLfloat”截断
d:\大三上课件\yaweiliang资料\20152649_张凌峰_finalproject\project\texturemapping5\texturemapping5.cpp(1096): warning C4305: “参数”: 从“double”到“GLfloat”截断
d:\大三上课件\yaweiliang资料\20152649_张凌峰_finalproject\project\texturemapping5\texturemapping5.cpp(1103): warning C4305: “参数”: 从“double”到“GLfloat”截断
d:\大三上课件\yaweiliang资料\20152649_张凌峰_finalproject\project\texturemapping5\texturemapping5.cpp(1110): warning C4305: “参数”: 从“double”到“GLfloat”截断
d:\大三上课件\yaweiliang资料\20152649_张凌峰_finalproject\project\texturemapping5\texturemapping5.cpp(1121): warning C4305: “参数”: 从“double”到“GLfloat”截断
d:\大三上课件\yaweiliang资料\20152649_张凌峰_finalproject\project\texturemapping5\texturemapping5.cpp(1128): warning C4305: “参数”: 从“double”到“GLfloat”截断
d:\大三上课件\yaweiliang资料\20152649_张凌峰_finalproject\project\texturemapping5\texturemapping5.cpp(1135): warning C4305: “参数”: 从“double”到“GLfloat”截断
d:\大三上课件\yaweiliang资料\20152649_张凌峰_finalproject\project\texturemapping5\texturemapping5.cpp(1142): warning C4305: “参数”: 从“double”到“GLfloat”截断
d:\大三上课件\yaweiliang资料\20152649_张凌峰_finalproject\project\texturemapping5\texturemapping5.cpp(1149): warning C4305: “参数”: 从“double”到“GLfloat”截断
d:\大三上课件\yaweiliang资料\20152649_张凌峰_finalproject\project\texturemapping5\texturemapping5.cpp(1160): warning C4305: “参数”: 从“double”到“GLfloat”截断
d:\大三上课件\yaweiliang资料\20152649_张凌峰_finalproject\project\texturemapping5\texturemapping5.cpp(1167): warning C4305: “参数”: 从“double”到“GLfloat”截断
d:\大三上课件\yaweiliang资料\20152649_张凌峰_finalproject\project\texturemapping5\texturemapping5.cpp(1174): warning C4305: “参数”: 从“double”到“GLfloat”截断
d:\大三上课件\yaweiliang资料\20152649_张凌峰_finalproject\project\texturemapping5\texturemapping5.cpp(1181): warning C4305: “参数”: 从“double”到“GLfloat”截断
d:\大三上课件\yaweiliang资料\20152649_张凌峰_finalproject\project\texturemapping5\texturemapping5.cpp(1188): warning C4305: “参数”: 从“double”到“GLfloat”截断
d:\大三上课件\yaweiliang资料\20152649_张凌峰_finalproject\project\texturemapping5\texturemapping5.cpp(1198): warning C4305: “参数”: 从“double”到“GLfloat”截断
d:\大三上课件\yaweiliang资料\20152649_张凌峰_finalproject\project\texturemapping5\texturemapping5.cpp(1205): warning C4305: “参数”: 从“double”到“GLfloat”截断
d:\大三上课件\yaweiliang资料\20152649_张凌峰_finalproject\project\texturemapping5\texturemapping5.cpp(1212): warning C4305: “参数”: 从“double”到“GLfloat”截断
d:\大三上课件\yaweiliang资料\20152649_张凌峰_finalproject\project\texturemapping5\texturemapping5.cpp(1219): warning C4305: “参数”: 从“double”到“GLfloat”截断
d:\大三上课件\yaweiliang资料\20152649_张凌峰_finalproject\project\texturemapping5\texturemapping5.cpp(1228): warning C4305: “参数”: 从“double”到“GLfloat”截断
d:\大三上课件\yaweiliang资料\20152649_张凌峰_finalproject\project\texturemapping5\texturemapping5.cpp(1235): warning C4305: “参数”: 从“double”到“GLfloat”截断
d:\大三上课件\yaweiliang资料\20152649_张凌峰_finalproject\project\texturemapping5\texturemapping5.cpp(1242): warning C4305: “参数”: 从“double”到“GLfloat”截断
d:\大三上课件\yaweiliang资料\20152649_张凌峰_finalproject\project\texturemapping5\texturemapping5.cpp(1249): warning C4305: “参数”: 从“double”到“GLfloat”截断
d:\大三上课件\yaweiliang资料\20152649_张凌峰_finalproject\project\texturemapping5\texturemapping5.cpp(1258): warning C4305: “参数”: 从“double”到“GLfloat”截断
d:\大三上课件\yaweiliang资料\20152649_张凌峰_finalproject\project\texturemapping5\texturemapping5.cpp(1265): warning C4305: “参数”: 从“double”到“GLfloat”截断
d:\大三上课件\yaweiliang资料\20152649_张凌峰_finalproject\project\texturemapping5\texturemapping5.cpp(1272): warning C4305: “参数”: 从“double”到“GLfloat”截断
d:\大三上课件\yaweiliang资料\20152649_张凌峰_finalproject\project\texturemapping5\texturemapping5.cpp(1279): warning C4305: “参数”: 从“double”到“GLfloat”截断
d:\大三上课件\yaweiliang资料\20152649_张凌峰_finalproject\project\texturemapping5\texturemapping5.cpp(1288): warning C4305: “参数”: 从“double”到“GLfloat”截断
d:\大三上课件\yaweiliang资料\20152649_张凌峰_finalproject\project\texturemapping5\texturemapping5.cpp(1291): warning C4244: “参数”: 从“double”转换到“GLfloat”，可能丢失数据
d:\大三上课件\yaweiliang资料\20152649_张凌峰_finalproject\project\texturemapping5\texturemapping5.cpp(1296): warning C4244: “参数”: 从“double”转换到“GLfloat”，可能丢失数据
d:\大三上课件\yaweiliang资料\20152649_张凌峰_finalproject\project\texturemapping5\texturemapping5.cpp(1300): warning C4244: “参数”: 从“double”转换到“GLfloat”，可能丢失数据
d:\大三上课件\yaweiliang资料\20152649_张凌峰_finalproject\project\texturemapping5\texturemapping5.cpp(1301): warning C4244: “参数”: 从“double”转换到“GLfloat”，可能丢失数据
d:\大三上课件\yaweiliang资料\20152649_张凌峰_finalproject\project\texturemapping5\texturemapping5.cpp(1302): warning C4244: “参数”: 从“double”转换到“GLfloat”，可能丢失数据
d:\大三上课件\yaweiliang资料\20152649_张凌峰_finalproject\project\texturemapping5\texturemapping5.cpp(1303): warning C4244: “参数”: 从“double”转换到“GLfloat”，可能丢失数据
d:\大三上课件\yaweiliang资料\20152649_张凌峰_finalproject\project\texturemapping5\texturemapping5.cpp(1308): warning C4244: “参数”: 从“double”转换到“GLfloat”，可能丢失数据
d:\大三上课件\yaweiliang资料\20152649_张凌峰_finalproject\project\texturemapping5\texturemapping5.cpp(1309): warning C4244: “参数”: 从“double”转换到“GLfloat”，可能丢失数据
d:\大三上课件\yaweiliang资料\20152649_张凌峰_finalproject\project\texturemapping5\texturemapping5.cpp(1310): warning C4244: “参数”: 从“double”转换到“GLfloat”，可能丢失数据
d:\大三上课件\yaweiliang资料\20152649_张凌峰_finalproject\project\texturemapping5\texturemapping5.cpp(1311): warning C4244: “参数”: 从“double”转换到“GLfloat”，可能丢失数据
d:\大三上课件\yaweiliang资料\20152649_张凌峰_finalproject\project\texturemapping5\texturemapping5.cpp(1315): warning C4244: “参数”: 从“double”转换到“GLfloat”，可能丢失数据
d:\大三上课件\yaweiliang资料\20152649_张凌峰_finalproject\project\texturemapping5\texturemapping5.cpp(1316): warning C4244: “参数”: 从“double”转换到“GLfloat”，可能丢失数据
d:\大三上课件\yaweiliang资料\20152649_张凌峰_finalproject\project\texturemapping5\texturemapping5.cpp(1317): warning C4244: “参数”: 从“double”转换到“GLfloat”，可能丢失数据
d:\大三上课件\yaweiliang资料\20152649_张凌峰_finalproject\project\texturemapping5\texturemapping5.cpp(1318): warning C4244: “参数”: 从“double”转换到“GLfloat”，可能丢失数据
d:\大三上课件\yaweiliang资料\20152649_张凌峰_finalproject\project\texturemapping5\texturemapping5.cpp(1319): warning C4244: “参数”: 从“double”转换到“GLfloat”，可能丢失数据
d:\大三上课件\yaweiliang资料\20152649_张凌峰_finalproject\project\texturemapping5\texturemapping5.cpp(1321): warning C4305: “参数”: 从“double”到“GLfloat”截断
d:\大三上课件\yaweiliang资料\20152649_张凌峰_finalproject\project\texturemapping5\texturemapping5.cpp(1323): warning C4305: “参数”: 从“double”到“GLfloat”截断
d:\大三上课件\yaweiliang资料\20152649_张凌峰_finalproject\project\texturemapping5\texturemapping5.cpp(1342): warning C4305: “参数”: 从“double”到“GLfloat”截断
d:\大三上课件\yaweiliang资料\20152649_张凌峰_finalproject\project\texturemapping5\texturemapping5.cpp(1349): warning C4305: “参数”: 从“double”到“GLfloat”截断
d:\大三上课件\yaweiliang资料\20152649_张凌峰_finalproject\project\texturemapping5\texturemapping5.cpp(1356): warning C4305: “参数”: 从“double”到“GLfloat”截断
d:\大三上课件\yaweiliang资料\20152649_张凌峰_finalproject\project\texturemapping5\texturemapping5.cpp(1365): warning C4305: “参数”: 从“double”到“GLfloat”截断
d:\大三上课件\yaweiliang资料\20152649_张凌峰_finalproject\project\texturemapping5\texturemapping5.cpp(1372): warning C4305: “参数”: 从“double”到“GLfloat”截断
d:\大三上课件\yaweiliang资料\20152649_张凌峰_finalproject\project\texturemapping5\texturemapping5.cpp(1379): warning C4305: “参数”: 从“double”到“GLfloat”截断
d:\大三上课件\yaweiliang资料\20152649_张凌峰_finalproject\project\texturemapping5\texturemapping5.cpp(1386): warning C4305: “参数”: 从“double”到“GLfloat”截断
d:\大三上课件\yaweiliang资料\20152649_张凌峰_finalproject\project\texturemapping5\texturemapping5.cpp(1393): warning C4305: “参数”: 从“double”到“GLfloat”截断
d:\大三上课件\yaweiliang资料\20152649_张凌峰_finalproject\project\texturemapping5\texturemapping5.cpp(1400): warning C4305: “参数”: 从“double”到“GLfloat”截断
d:\大三上课件\yaweiliang资料\20152649_张凌峰_finalproject\project\texturemapping5\texturemapping5.cpp(1407): warning C4305: “参数”: 从“double”到“GLfloat”截断
d:\大三上课件\yaweiliang资料\20152649_张凌峰_finalproject\project\texturemapping5\texturemapping5.cpp(1414): warning C4305: “参数”: 从“double”到“GLfloat”截断
d:\大三上课件\yaweiliang资料\20152649_张凌峰_finalproject\project\texturemapping5\texturemapping5.cpp(1421): warning C4305: “参数”: 从“double”到“GLfloat”截断
d:\大三上课件\yaweiliang资料\20152649_张凌峰_finalproject\project\texturemapping5\texturemapping5.cpp(1428): warning C4305: “参数”: 从“double”到“GLfloat”截断
d:\大三上课件\yaweiliang资料\20152649_张凌峰_finalproject\project\texturemapping5\texturemapping5.cpp(1435): warning C4305: “参数”: 从“double”到“GLfloat”截断
d:\大三上课件\yaweiliang资料\20152649_张凌峰_finalproject\project\texturemapping5\texturemapping5.cpp(1443): warning C4305: “参数”: 从“double”到“GLfloat”截断
d:\大三上课件\yaweiliang资料\20152649_张凌峰_finalproject\project\texturemapping5\texturemapping5.cpp(1450): warning C4305: “参数”: 从“double”到“GLfloat”截断
d:\大三上课件\yaweiliang资料\20152649_张凌峰_finalproject\project\texturemapping5\texturemapping5.cpp(1457): warning C4305: “参数”: 从“double”到“GLfloat”截断
d:\大三上课件\yaweiliang资料\20152649_张凌峰_finalproject\project\texturemapping5\texturemapping5.cpp(1464): warning C4305: “参数”: 从“double”到“GLfloat”截断
d:\大三上课件\yaweiliang资料\20152649_张凌峰_finalproject\project\texturemapping5\texturemapping5.cpp(1471): warning C4305: “参数”: 从“double”到“GLfloat”截断
d:\大三上课件\yaweiliang资料\20152649_张凌峰_finalproject\project\texturemapping5\texturemapping5.cpp(1478): warning C4305: “参数”: 从“double”到“GLfloat”截断
d:\大三上课件\yaweiliang资料\20152649_张凌峰_finalproject\project\texturemapping5\texturemapping5.cpp(1485): warning C4305: “参数”: 从“double”到“GLfloat”截断
d:\大三上课件\yaweiliang资料\20152649_张凌峰_finalproject\project\texturemapping5\texturemapping5.cpp(1492): warning C4305: “参数”: 从“double”到“GLfloat”截断
d:\大三上课件\yaweiliang资料\20152649_张凌峰_finalproject\project\texturemapping5\texturemapping5.cpp(1499): warning C4305: “参数”: 从“double”到“GLfloat”截断
d:\大三上课件\yaweiliang资料\20152649_张凌峰_finalproject\project\texturemapping5\texturemapping5.cpp(1506): warning C4305: “参数”: 从“double”到“GLfloat”截断
d:\大三上课件\yaweiliang资料\20152649_张凌峰_finalproject\project\texturemapping5\texturemapping5.cpp(1513): warning C4305: “参数”: 从“double”到“GLfloat”截断
d:\大三上课件\yaweiliang资料\20152649_张凌峰_finalproject\project\texturemapping5\texturemapping5.cpp(1520): warning C4305: “参数”: 从“double”到“GLfloat”截断
d:\大三上课件\yaweiliang资料\20152649_张凌峰_finalproject\project\texturemapping5\texturemapping5.cpp(1527): warning C4305: “参数”: 从“double”到“GLfloat”截断
d:\大三上课件\yaweiliang资料\20152649_张凌峰_finalproject\project\texturemapping5\texturemapping5.cpp(1534): warning C4305: “参数”: 从“double”到“GLfloat”截断
d:\大三上课件\yaweiliang资料\20152649_张凌峰_finalproject\project\texturemapping5\texturemapping5.cpp(1541): warning C4305: “参数”: 从“double”到“GLfloat”截断
d:\大三上课件\yaweiliang资料\20152649_张凌峰_finalproject\project\texturemapping5\texturemapping5.cpp(1548): warning C4305: “参数”: 从“double”到“GLfloat”截断
d:\大三上课件\yaweiliang资料\20152649_张凌峰_finalproject\project\texturemapping5\texturemapping5.cpp(1555): warning C4305: “参数”: 从“double”到“GLfloat”截断
d:\大三上课件\yaweiliang资料\20152649_张凌峰_finalproject\project\texturemapping5\texturemapping5.cpp(1562): warning C4305: “参数”: 从“double”到“GLfloat”截断
d:\大三上课件\yaweiliang资料\20152649_张凌峰_finalproject\project\texturemapping5\texturemapping5.cpp(1569): warning C4305: “参数”: 从“double”到“GLfloat”截断
d:\大三上课件\yaweiliang资料\20152649_张凌峰_finalproject\project\texturemapping5\texturemapping5.cpp(1577): warning C4244: “参数”: 从“double”转换到“GLfloat”，可能丢失数据
d:\大三上课件\yaweiliang资料\20152649_张凌峰_finalproject\project\texturemapping5\texturemapping5.cpp(1578): warning C4244: “参数”: 从“double”转换到“GLfloat”，可能丢失数据
d:\大三上课件\yaweiliang资料\20152649_张凌峰_finalproject\project\texturemapping5\texturemapping5.cpp(1579): warning C4244: “参数”: 从“double”转换到“GLfloat”，可能丢失数据
d:\大三上课件\yaweiliang资料\20152649_张凌峰_finalproject\project\texturemapping5\texturemapping5.cpp(1580): warning C4244: “参数”: 从“double”转换到“GLfloat”，可能丢失数据
d:\大三上课件\yaweiliang资料\20152649_张凌峰_finalproject\project\texturemapping5\texturemapping5.cpp(1581): warning C4244: “参数”: 从“double”转换到“GLfloat”，可能丢失数据
d:\大三上课件\yaweiliang资料\20152649_张凌峰_finalproject\project\texturemapping5\texturemapping5.cpp(1586): warning C4305: “参数”: 从“double”到“GLfloat”截断
d:\大三上课件\yaweiliang资料\20152649_张凌峰_finalproject\project\texturemapping5\texturemapping5.cpp(1621): warning C4305: “参数”: 从“double”到“GLfloat”截断
d:\大三上课件\yaweiliang资料\20152649_张凌峰_finalproject\project\texturemapping5\texturemapping5.cpp(1654): warning C4305: “参数”: 从“double”到“GLfloat”截断
d:\大三上课件\yaweiliang资料\20152649_张凌峰_finalproject\project\texturemapping5\texturemapping5.cpp(1675): warning C4305: “参数”: 从“double”到“GLfloat”截断
d:\大三上课件\yaweiliang资料\20152649_张凌峰_finalproject\project\texturemapping5\texturemapping5.cpp(1691): warning C4305: “参数”: 从“double”到“GLfloat”截断
d:\大三上课件\yaweiliang资料\20152649_张凌峰_finalproject\project\texturemapping5\texturemapping5.cpp(1711): warning C4305: “参数”: 从“double”到“GLfloat”截断
d:\大三上课件\yaweiliang资料\20152649_张凌峰_finalproject\project\texturemapping5\texturemapping5.cpp(1725): warning C4305: “参数”: 从“double”到“GLfloat”截断
d:\大三上课件\yaweiliang资料\20152649_张凌峰_finalproject\project\texturemapping5\texturemapping5.cpp(1786): warning C4305: “参数”: 从“double”到“GLfloat”截断
d:\大三上课件\yaweiliang资料\20152649_张凌峰_finalproject\project\texturemapping5\texturemapping5.cpp(1822): warning C4305: “参数”: 从“double”到“GLfloat”截断
d:\大三上课件\yaweiliang资料\20152649_张凌峰_finalproject\project\texturemapping5\texturemapping5.cpp(1856): warning C4244: “参数”: 从“double”转换到“GLfloat”，可能丢失数据
d:\大三上课件\yaweiliang资料\20152649_张凌峰_finalproject\project\texturemapping5\texturemapping5.cpp(1857): warning C4244: “参数”: 从“double”转换到“GLfloat”，可能丢失数据
d:\大三上课件\yaweiliang资料\20152649_张凌峰_finalproject\project\texturemapping5\texturemapping5.cpp(1858): warning C4244: “参数”: 从“double”转换到“GLfloat”，可能丢失数据
d:\大三上课件\yaweiliang资料\20152649_张凌峰_finalproject\project\texturemapping5\texturemapping5.cpp(1859): warning C4244: “参数”: 从“double”转换到“GLfloat”，可能丢失数据
d:\大三上课件\yaweiliang资料\20152649_张凌峰_finalproject\project\texturemapping5\texturemapping5.cpp(1860): warning C4244: “参数”: 从“double”转换到“GLfloat”，可能丢失数据
d:\大三上课件\yaweiliang资料\20152649_张凌峰_finalproject\project\texturemapping5\texturemapping5.cpp(1864): warning C4244: “参数”: 从“double”转换到“GLfloat”，可能丢失数据
d:\大三上课件\yaweiliang资料\20152649_张凌峰_finalproject\project\texturemapping5\texturemapping5.cpp(1865): warning C4244: “参数”: 从“double”转换到“GLfloat”，可能丢失数据
d:\大三上课件\yaweiliang资料\20152649_张凌峰_finalproject\project\texturemapping5\texturemapping5.cpp(1872): warning C4244: “参数”: 从“double”转换到“GLfloat”，可能丢失数据
d:\大三上课件\yaweiliang资料\20152649_张凌峰_finalproject\project\texturemapping5\texturemapping5.cpp(1873): warning C4244: “参数”: 从“double”转换到“GLfloat”，可能丢失数据
d:\大三上课件\yaweiliang资料\20152649_张凌峰_finalproject\project\texturemapping5\texturemapping5.cpp(1876): warning C4244: “参数”: 从“double”转换到“GLfloat”，可能丢失数据
d:\大三上课件\yaweiliang资料\20152649_张凌峰_finalproject\project\texturemapping5\texturemapping5.cpp(1877): warning C4244: “参数”: 从“double”转换到“GLfloat”，可能丢失数据
d:\大三上课件\yaweiliang资料\20152649_张凌峰_finalproject\project\texturemapping5\texturemapping5.cpp(1884): warning C4244: “参数”: 从“double”转换到“GLfloat”，可能丢失数据
d:\大三上课件\yaweiliang资料\20152649_张凌峰_finalproject\project\texturemapping5\texturemapping5.cpp(1885): warning C4244: “参数”: 从“double”转换到“GLfloat”，可能丢失数据
d:\大三上课件\yaweiliang资料\20152649_张凌峰_finalproject\project\texturemapping5\texturemapping5.cpp(1888): warning C4244: “参数”: 从“double”转换到“GLfloat”，可能丢失数据
d:\大三上课件\yaweiliang资料\20152649_张凌峰_finalproject\project\texturemapping5\texturemapping5.cpp(1889): warning C4244: “参数”: 从“double”转换到“GLfloat”，可能丢失数据
d:\大三上课件\yaweiliang资料\20152649_张凌峰_finalproject\project\texturemapping5\texturemapping5.cpp(1895): warning C4244: “参数”: 从“double”转换到“GLfloat”，可能丢失数据
d:\大三上课件\yaweiliang资料\20152649_张凌峰_finalproject\project\texturemapping5\texturemapping5.cpp(1897): warning C4244: “参数”: 从“double”转换到“GLfloat”，可能丢失数据
d:\大三上课件\yaweiliang资料\20152649_张凌峰_finalproject\project\texturemapping5\texturemapping5.cpp(1898): warning C4244: “参数”: 从“double”转换到“GLfloat”，可能丢失数据
d:\大三上课件\yaweiliang资料\20152649_张凌峰_finalproject\project\texturemapping5\texturemapping5.cpp(1900): warning C4244: “参数”: 从“double”转换到“GLfloat”，可能丢失数据
d:\大三上课件\yaweiliang资料\20152649_张凌峰_finalproject\project\texturemapping5\texturemapping5.cpp(1907): warning C4244: “参数”: 从“double”转换到“GLfloat”，可能丢失数据
d:\大三上课件\yaweiliang资料\20152649_张凌峰_finalproject\project\texturemapping5\texturemapping5.cpp(1909): warning C4244: “参数”: 从“double”转换到“GLfloat”，可能丢失数据
d:\大三上课件\yaweiliang资料\20152649_张凌峰_finalproject\project\texturemapping5\texturemapping5.cpp(1910): warning C4244: “参数”: 从“double”转换到“GLfloat”，可能丢失数据
d:\大三上课件\yaweiliang资料\20152649_张凌峰_finalproject\project\texturemapping5\texturemapping5.cpp(1912): warning C4244: “参数”: 从“double”转换到“GLfloat”，可能丢失数据
d:\大三上课件\yaweiliang资料\20152649_张凌峰_finalproject\project\texturemapping5\texturemapping5.cpp(1918): warning C4244: “参数”: 从“double”转换到“GLfloat”，可能丢失数据
d:\大三上课件\yaweiliang资料\20152649_张凌峰_finalproject\project\texturemapping5\texturemapping5.cpp(1920): warning C4244: “参数”: 从“double”转换到“GLfloat”，可能丢失数据
d:\大三上课件\yaweiliang资料\20152649_张凌峰_finalproject\project\texturemapping5\texturemapping5.cpp(1922): warning C4244: “参数”: 从“double”转换到“GLfloat”，可能丢失数据
d:\大三上课件\yaweiliang资料\20152649_张凌峰_finalproject\project\texturemapping5\texturemapping5.cpp(1923): warning C4244: “参数”: 从“double”转换到“GLfloat”，可能丢失数据
d:\大三上课件\yaweiliang资料\20152649_张凌峰_finalproject\project\texturemapping5\texturemapping5.cpp(1925): warning C4244: “参数”: 从“double”转换到“GLfloat”，可能丢失数据
d:\大三上课件\yaweiliang资料\20152649_张凌峰_finalproject\project\texturemapping5\texturemapping5.cpp(1926): warning C4244: “参数”: 从“double”转换到“GLfloat”，可能丢失数据
d:\大三上课件\yaweiliang资料\20152649_张凌峰_finalproject\project\texturemapping5\texturemapping5.cpp(1931): warning C4244: “参数”: 从“double”转换到“GLfloat”，可能丢失数据
d:\大三上课件\yaweiliang资料\20152649_张凌峰_finalproject\project\texturemapping5\texturemapping5.cpp(1933): warning C4244: “参数”: 从“double”转换到“GLfloat”，可能丢失数据
d:\大三上课件\yaweiliang资料\20152649_张凌峰_finalproject\project\texturemapping5\texturemapping5.cpp(1934): warning C4244: “参数”: 从“double”转换到“GLfloat”，可能丢失数据
d:\大三上课件\yaweiliang资料\20152649_张凌峰_finalproject\project\texturemapping5\texturemapping5.cpp(1935): warning C4244: “参数”: 从“double”转换到“GLfloat”，可能丢失数据
d:\大三上课件\yaweiliang资料\20152649_张凌峰_finalproject\project\texturemapping5\texturemapping5.cpp(1936): warning C4244: “参数”: 从“double”转换到“GLfloat”，可能丢失数据
d:\大三上课件\yaweiliang资料\20152649_张凌峰_finalproject\project\texturemapping5\texturemapping5.cpp(1937): warning C4244: “参数”: 从“double”转换到“GLfloat”，可能丢失数据
d:\大三上课件\yaweiliang资料\20152649_张凌峰_finalproject\project\texturemapping5\texturemapping5.cpp(1938): warning C4244: “参数”: 从“double”转换到“GLfloat”，可能丢失数据
d:\大三上课件\yaweiliang资料\20152649_张凌峰_finalproject\project\texturemapping5\texturemapping5.cpp(1939): warning C4244: “参数”: 从“double”转换到“GLfloat”，可能丢失数据
d:\大三上课件\yaweiliang资料\20152649_张凌峰_finalproject\project\texturemapping5\texturemapping5.cpp(1940): warning C4244: “参数”: 从“double”转换到“GLfloat”，可能丢失数据
d:\大三上课件\yaweiliang资料\20152649_张凌峰_finalproject\project\texturemapping5\texturemapping5.cpp(1942): warning C4244: “参数”: 从“double”转换到“GLfloat”，可能丢失数据
d:\大三上课件\yaweiliang资料\20152649_张凌峰_finalproject\project\texturemapping5\texturemapping5.cpp(1947): warning C4244: “参数”: 从“double”转换到“GLfloat”，可能丢失数据
d:\大三上课件\yaweiliang资料\20152649_张凌峰_finalproject\project\texturemapping5\texturemapping5.cpp(1949): warning C4244: “参数”: 从“double”转换到“GLfloat”，可能丢失数据
d:\大三上课件\yaweiliang资料\20152649_张凌峰_finalproject\project\texturemapping5\texturemapping5.cpp(1950): warning C4244: “参数”: 从“double”转换到“GLfloat”，可能丢失数据
d:\大三上课件\yaweiliang资料\20152649_张凌峰_finalproject\project\texturemapping5\texturemapping5.cpp(1951): warning C4244: “参数”: 从“double”转换到“GLfloat”，可能丢失数据
d:\大三上课件\yaweiliang资料\20152649_张凌峰_finalproject\project\texturemapping5\texturemapping5.cpp(1952): warning C4244: “参数”: 从“double”转换到“GLfloat”，可能丢失数据
d:\大三上课件\yaweiliang资料\20152649_张凌峰_finalproject\project\texturemapping5\texturemapping5.cpp(1953): warning C4244: “参数”: 从“double”转换到“GLfloat”，可能丢失数据
d:\大三上课件\yaweiliang资料\20152649_张凌峰_finalproject\project\texturemapping5\texturemapping5.cpp(1954): warning C4244: “参数”: 从“double”转换到“GLfloat”，可能丢失数据
d:\大三上课件\yaweiliang资料\20152649_张凌峰_finalproject\project\texturemapping5\texturemapping5.cpp(1955): warning C4244: “参数”: 从“double”转换到“GLfloat”，可能丢失数据
d:\大三上课件\yaweiliang资料\20152649_张凌峰_finalproject\project\texturemapping5\texturemapping5.cpp(1959): warning C4244: “参数”: 从“double”转换到“GLfloat”，可能丢失数据
d:\大三上课件\yaweiliang资料\20152649_张凌峰_finalproject\project\texturemapping5\texturemapping5.cpp(1960): warning C4244: “参数”: 从“double”转换到“GLfloat”，可能丢失数据
d:\大三上课件\yaweiliang资料\20152649_张凌峰_finalproject\project\texturemapping5\texturemapping5.cpp(1961): warning C4244: “参数”: 从“double”转换到“GLfloat”，可能丢失数据
d:\大三上课件\yaweiliang资料\20152649_张凌峰_finalproject\project\texturemapping5\texturemapping5.cpp(1962): warning C4244: “参数”: 从“double”转换到“GLfloat”，可能丢失数据
d:\大三上课件\yaweiliang资料\20152649_张凌峰_finalproject\project\texturemapping5\texturemapping5.cpp(1963): warning C4244: “参数”: 从“double”转换到“GLfloat”，可能丢失数据
d:\大三上课件\yaweiliang资料\20152649_张凌峰_finalproject\project\texturemapping5\texturemapping5.cpp(1968): warning C4244: “参数”: 从“double”转换到“GLfloat”，可能丢失数据
d:\大三上课件\yaweiliang资料\20152649_张凌峰_finalproject\project\texturemapping5\texturemapping5.cpp(1969): warning C4244: “参数”: 从“double”转换到“GLfloat”，可能丢失数据
d:\大三上课件\yaweiliang资料\20152649_张凌峰_finalproject\project\texturemapping5\texturemapping5.cpp(1976): warning C4244: “参数”: 从“double”转换到“GLfloat”，可能丢失数据
d:\大三上课件\yaweiliang资料\20152649_张凌峰_finalproject\project\texturemapping5\texturemapping5.cpp(1977): warning C4244: “参数”: 从“double”转换到“GLfloat”，可能丢失数据
d:\大三上课件\yaweiliang资料\20152649_张凌峰_finalproject\project\texturemapping5\texturemapping5.cpp(1980): warning C4244: “参数”: 从“double”转换到“GLfloat”，可能丢失数据
d:\大三上课件\yaweiliang资料\20152649_张凌峰_finalproject\project\texturemapping5\texturemapping5.cpp(1981): warning C4244: “参数”: 从“double”转换到“GLfloat”，可能丢失数据
d:\大三上课件\yaweiliang资料\20152649_张凌峰_finalproject\project\texturemapping5\texturemapping5.cpp(1988): warning C4244: “参数”: 从“double”转换到“GLfloat”，可能丢失数据
d:\大三上课件\yaweiliang资料\20152649_张凌峰_finalproject\project\texturemapping5\texturemapping5.cpp(1989): warning C4244: “参数”: 从“double”转换到“GLfloat”，可能丢失数据
d:\大三上课件\yaweiliang资料\20152649_张凌峰_finalproject\project\texturemapping5\texturemapping5.cpp(1992): warning C4244: “参数”: 从“double”转换到“GLfloat”，可能丢失数据
d:\大三上课件\yaweiliang资料\20152649_张凌峰_finalproject\project\texturemapping5\texturemapping5.cpp(1993): warning C4244: “参数”: 从“double”转换到“GLfloat”，可能丢失数据
d:\大三上课件\yaweiliang资料\20152649_张凌峰_finalproject\project\texturemapping5\texturemapping5.cpp(1999): warning C4244: “参数”: 从“double”转换到“GLfloat”，可能丢失数据
d:\大三上课件\yaweiliang资料\20152649_张凌峰_finalproject\project\texturemapping5\texturemapping5.cpp(2001): warning C4244: “参数”: 从“double”转换到“GLfloat”，可能丢失数据
d:\大三上课件\yaweiliang资料\20152649_张凌峰_finalproject\project\texturemapping5\texturemapping5.cpp(2002): warning C4244: “参数”: 从“double”转换到“GLfloat”，可能丢失数据
d:\大三上课件\yaweiliang资料\20152649_张凌峰_finalproject\project\texturemapping5\texturemapping5.cpp(2004): warning C4244: “参数”: 从“double”转换到“GLfloat”，可能丢失数据
d:\大三上课件\yaweiliang资料\20152649_张凌峰_finalproject\project\texturemapping5\texturemapping5.cpp(2011): warning C4244: “参数”: 从“double”转换到“GLfloat”，可能丢失数据
d:\大三上课件\yaweiliang资料\20152649_张凌峰_finalproject\project\texturemapping5\texturemapping5.cpp(2013): warning C4244: “参数”: 从“double”转换到“GLfloat”，可能丢失数据
d:\大三上课件\yaweiliang资料\20152649_张凌峰_finalproject\project\texturemapping5\texturemapping5.cpp(2014): warning C4244: “参数”: 从“double”转换到“GLfloat”，可能丢失数据
d:\大三上课件\yaweiliang资料\20152649_张凌峰_finalproject\project\texturemapping5\texturemapping5.cpp(2016): warning C4244: “参数”: 从“double”转换到“GLfloat”，可能丢失数据
d:\大三上课件\yaweiliang资料\20152649_张凌峰_finalproject\project\texturemapping5\texturemapping5.cpp(2022): warning C4244: “参数”: 从“double”转换到“GLfloat”，可能丢失数据
d:\大三上课件\yaweiliang资料\20152649_张凌峰_finalproject\project\texturemapping5\texturemapping5.cpp(2024): warning C4244: “参数”: 从“double”转换到“GLfloat”，可能丢失数据
d:\大三上课件\yaweiliang资料\20152649_张凌峰_finalproject\project\texturemapping5\texturemapping5.cpp(2026): warning C4244: “参数”: 从“double”转换到“GLfloat”，可能丢失数据
d:\大三上课件\yaweiliang资料\20152649_张凌峰_finalproject\project\texturemapping5\texturemapping5.cpp(2027): warning C4244: “参数”: 从“double”转换到“GLfloat”，可能丢失数据
d:\大三上课件\yaweiliang资料\20152649_张凌峰_finalproject\project\texturemapping5\texturemapping5.cpp(2029): warning C4244: “参数”: 从“double”转换到“GLfloat”，可能丢失数据
d:\大三上课件\yaweiliang资料\20152649_张凌峰_finalproject\project\texturemapping5\texturemapping5.cpp(2030): warning C4244: “参数”: 从“double”转换到“GLfloat”，可能丢失数据
d:\大三上课件\yaweiliang资料\20152649_张凌峰_finalproject\project\texturemapping5\texturemapping5.cpp(2035): warning C4244: “参数”: 从“double”转换到“GLfloat”，可能丢失数据
d:\大三上课件\yaweiliang资料\20152649_张凌峰_finalproject\project\texturemapping5\texturemapping5.cpp(2037): warning C4244: “参数”: 从“double”转换到“GLfloat”，可能丢失数据
d:\大三上课件\yaweiliang资料\20152649_张凌峰_finalproject\project\texturemapping5\texturemapping5.cpp(2038): warning C4244: “参数”: 从“double”转换到“GLfloat”，可能丢失数据
d:\大三上课件\yaweiliang资料\20152649_张凌峰_finalproject\project\texturemapping5\texturemapping5.cpp(2039): warning C4244: “参数”: 从“double”转换到“GLfloat”，可能丢失数据
d:\大三上课件\yaweiliang资料\20152649_张凌峰_finalproject\project\texturemapping5\texturemapping5.cpp(2040): warning C4244: “参数”: 从“double”转换到“GLfloat”，可能丢失数据
d:\大三上课件\yaweiliang资料\20152649_张凌峰_finalproject\project\texturemapping5\texturemapping5.cpp(2041): warning C4244: “参数”: 从“double”转换到“GLfloat”，可能丢失数据
d:\大三上课件\yaweiliang资料\20152649_张凌峰_finalproject\project\texturemapping5\texturemapping5.cpp(2042): warning C4244: “参数”: 从“double”转换到“GLfloat”，可能丢失数据
d:\大三上课件\yaweiliang资料\20152649_张凌峰_finalproject\project\texturemapping5\texturemapping5.cpp(2043): warning C4244: “参数”: 从“double”转换到“GLfloat”，可能丢失数据
d:\大三上课件\yaweiliang资料\20152649_张凌峰_finalproject\project\texturemapping5\texturemapping5.cpp(2044): warning C4244: “参数”: 从“double”转换到“GLfloat”，可能丢失数据
d:\大三上课件\yaweiliang资料\20152649_张凌峰_finalproject\project\texturemapping5\texturemapping5.cpp(2046): warning C4244: “参数”: 从“double”转换到“GLfloat”，可能丢失数据
d:\大三上课件\yaweiliang资料\20152649_张凌峰_finalproject\project\texturemapping5\texturemapping5.cpp(2051): warning C4244: “参数”: 从“double”转换到“GLfloat”，可能丢失数据
d:\大三上课件\yaweiliang资料\20152649_张凌峰_finalproject\project\texturemapping5\texturemapping5.cpp(2053): warning C4244: “参数”: 从“double”转换到“GLfloat”，可能丢失数据
d:\大三上课件\yaweiliang资料\20152649_张凌峰_finalproject\project\texturemapping5\texturemapping5.cpp(2054): warning C4244: “参数”: 从“double”转换到“GLfloat”，可能丢失数据
d:\大三上课件\yaweiliang资料\20152649_张凌峰_finalproject\project\texturemapping5\texturemapping5.cpp(2055): warning C4244: “参数”: 从“double”转换到“GLfloat”，可能丢失数据
d:\大三上课件\yaweiliang资料\20152649_张凌峰_finalproject\project\texturemapping5\texturemapping5.cpp(2056): warning C4244: “参数”: 从“double”转换到“GLfloat”，可能丢失数据
d:\大三上课件\yaweiliang资料\20152649_张凌峰_finalproject\project\texturemapping5\texturemapping5.cpp(2057): warning C4244: “参数”: 从“double”转换到“GLfloat”，可能丢失数据
d:\大三上课件\yaweiliang资料\20152649_张凌峰_finalproject\project\texturemapping5\texturemapping5.cpp(2058): warning C4244: “参数”: 从“double”转换到“GLfloat”，可能丢失数据
d:\大三上课件\yaweiliang资料\20152649_张凌峰_finalproject\project\texturemapping5\texturemapping5.cpp(2059): warning C4244: “参数”: 从“double”转换到“GLfloat”，可能丢失数据
d:\大三上课件\yaweiliang资料\20152649_张凌峰_finalproject\project\texturemapping5\texturemapping5.cpp(2064): warning C4244: “参数”: 从“double”转换到“GLfloat”，可能丢失数据
d:\大三上课件\yaweiliang资料\20152649_张凌峰_finalproject\project\texturemapping5\texturemapping5.cpp(2065): warning C4244: “参数”: 从“double”转换到“GLfloat”，可能丢失数据
d:\大三上课件\yaweiliang资料\20152649_张凌峰_finalproject\project\texturemapping5\texturemapping5.cpp(2066): warning C4244: “参数”: 从“double”转换到“GLfloat”，可能丢失数据
d:\大三上课件\yaweiliang资料\20152649_张凌峰_finalproject\project\texturemapping5\texturemapping5.cpp(2067): warning C4244: “参数”: 从“double”转换到“GLfloat”，可能丢失数据
d:\大三上课件\yaweiliang资料\20152649_张凌峰_finalproject\project\texturemapping5\texturemapping5.cpp(2068): warning C4244: “参数”: 从“double”转换到“GLfloat”，可能丢失数据
d:\大三上课件\yaweiliang资料\20152649_张凌峰_finalproject\project\texturemapping5\texturemapping5.cpp(2070): warning C4305: “参数”: 从“double”到“GLfloat”截断
d:\大三上课件\yaweiliang资料\20152649_张凌峰_finalproject\project\texturemapping5\texturemapping5.cpp(2079): warning C4244: “参数”: 从“double”转换到“GLfloat”，可能丢失数据
d:\大三上课件\yaweiliang资料\20152649_张凌峰_finalproject\project\texturemapping5\texturemapping5.cpp(2080): warning C4244: “参数”: 从“double”转换到“GLfloat”，可能丢失数据
d:\大三上课件\yaweiliang资料\20152649_张凌峰_finalproject\project\texturemapping5\texturemapping5.cpp(2081): warning C4244: “参数”: 从“double”转换到“GLfloat”，可能丢失数据
d:\大三上课件\yaweiliang资料\20152649_张凌峰_finalproject\project\texturemapping5\texturemapping5.cpp(2082): warning C4244: “参数”: 从“double”转换到“GLfloat”，可能丢失数据
d:\大三上课件\yaweiliang资料\20152649_张凌峰_finalproject\project\texturemapping5\texturemapping5.cpp(2083): warning C4244: “参数”: 从“double”转换到“GLfloat”，可能丢失数据
d:\大三上课件\yaweiliang资料\20152649_张凌峰_finalproject\project\texturemapping5\texturemapping5.cpp(2086): warning C4305: “参数”: 从“double”到“GLfloat”截断
d:\大三上课件\yaweiliang资料\20152649_张凌峰_finalproject\project\texturemapping5\texturemapping5.cpp(2092): warning C4244: “参数”: 从“double”转换到“GLfloat”，可能丢失数据
d:\大三上课件\yaweiliang资料\20152649_张凌峰_finalproject\project\texturemapping5\texturemapping5.cpp(2093): warning C4244: “参数”: 从“double”转换到“GLfloat”，可能丢失数据
d:\大三上课件\yaweiliang资料\20152649_张凌峰_finalproject\project\texturemapping5\texturemapping5.cpp(2094): warning C4244: “参数”: 从“double”转换到“GLfloat”，可能丢失数据
d:\大三上课件\yaweiliang资料\20152649_张凌峰_finalproject\project\texturemapping5\texturemapping5.cpp(2095): warning C4244: “参数”: 从“double”转换到“GLfloat”，可能丢失数据
d:\大三上课件\yaweiliang资料\20152649_张凌峰_finalproject\project\texturemapping5\texturemapping5.cpp(2096): warning C4244: “参数”: 从“double”转换到“GLfloat”，可能丢失数据
d:\大三上课件\yaweiliang资料\20152649_张凌峰_finalproject\project\texturemapping5\texturemapping5.cpp(2098): warning C4305: “参数”: 从“double”到“GLfloat”截断
d:\大三上课件\yaweiliang资料\20152649_张凌峰_finalproject\project\texturemapping5\texturemapping5.cpp(2104): warning C4244: “参数”: 从“double”转换到“GLfloat”，可能丢失数据
d:\大三上课件\yaweiliang资料\20152649_张凌峰_finalproject\project\texturemapping5\texturemapping5.cpp(2105): warning C4244: “参数”: 从“double”转换到“GLfloat”，可能丢失数据
d:\大三上课件\yaweiliang资料\20152649_张凌峰_finalproject\project\texturemapping5\texturemapping5.cpp(2106): warning C4244: “参数”: 从“double”转换到“GLfloat”，可能丢失数据
d:\大三上课件\yaweiliang资料\20152649_张凌峰_finalproject\project\texturemapping5\texturemapping5.cpp(2107): warning C4244: “参数”: 从“double”转换到“GLfloat”，可能丢失数据
d:\大三上课件\yaweiliang资料\20152649_张凌峰_finalproject\project\texturemapping5\texturemapping5.cpp(2108): warning C4244: “参数”: 从“double”转换到“GLfloat”，可能丢失数据
d:\大三上课件\yaweiliang资料\20152649_张凌峰_finalproject\project\texturemapping5\texturemapping5.cpp(2110): warning C4305: “参数”: 从“double”到“GLfloat”截断
d:\大三上课件\yaweiliang资料\20152649_张凌峰_finalproject\project\texturemapping5\texturemapping5.cpp(2116): warning C4244: “参数”: 从“double”转换到“GLfloat”，可能丢失数据
d:\大三上课件\yaweiliang资料\20152649_张凌峰_finalproject\project\texturemapping5\texturemapping5.cpp(2117): warning C4244: “参数”: 从“double”转换到“GLfloat”，可能丢失数据
d:\大三上课件\yaweiliang资料\20152649_张凌峰_finalproject\project\texturemapping5\texturemapping5.cpp(2118): warning C4244: “参数”: 从“double”转换到“GLfloat”，可能丢失数据
d:\大三上课件\yaweiliang资料\20152649_张凌峰_finalproject\project\texturemapping5\texturemapping5.cpp(2119): warning C4244: “参数”: 从“double”转换到“GLfloat”，可能丢失数据
d:\大三上课件\yaweiliang资料\20152649_张凌峰_finalproject\project\texturemapping5\texturemapping5.cpp(2120): warning C4244: “参数”: 从“double”转换到“GLfloat”，可能丢失数据
d:\大三上课件\yaweiliang资料\20152649_张凌峰_finalproject\project\texturemapping5\texturemapping5.cpp(2122): warning C4305: “参数”: 从“double”到“GLfloat”截断
d:\大三上课件\yaweiliang资料\20152649_张凌峰_finalproject\project\texturemapping5\texturemapping5.cpp(2128): warning C4244: “参数”: 从“double”转换到“GLfloat”，可能丢失数据
d:\大三上课件\yaweiliang资料\20152649_张凌峰_finalproject\project\texturemapping5\texturemapping5.cpp(2129): warning C4244: “参数”: 从“double”转换到“GLfloat”，可能丢失数据
d:\大三上课件\yaweiliang资料\20152649_张凌峰_finalproject\project\texturemapping5\texturemapping5.cpp(2130): warning C4244: “参数”: 从“double”转换到“GLfloat”，可能丢失数据
d:\大三上课件\yaweiliang资料\20152649_张凌峰_finalproject\project\texturemapping5\texturemapping5.cpp(2131): warning C4244: “参数”: 从“double”转换到“GLfloat”，可能丢失数据
d:\大三上课件\yaweiliang资料\20152649_张凌峰_finalproject\project\texturemapping5\texturemapping5.cpp(2132): warning C4244: “参数”: 从“double”转换到“GLfloat”，可能丢失数据
d:\大三上课件\yaweiliang资料\20152649_张凌峰_finalproject\project\texturemapping5\texturemapping5.cpp(2134): warning C4305: “参数”: 从“double”到“GLfloat”截断
d:\大三上课件\yaweiliang资料\20152649_张凌峰_finalproject\project\texturemapping5\texturemapping5.cpp(2140): warning C4244: “参数”: 从“double”转换到“GLfloat”，可能丢失数据
d:\大三上课件\yaweiliang资料\20152649_张凌峰_finalproject\project\texturemapping5\texturemapping5.cpp(2141): warning C4244: “参数”: 从“double”转换到“GLfloat”，可能丢失数据
d:\大三上课件\yaweiliang资料\20152649_张凌峰_finalproject\project\texturemapping5\texturemapping5.cpp(2142): warning C4244: “参数”: 从“double”转换到“GLfloat”，可能丢失数据
d:\大三上课件\yaweiliang资料\20152649_张凌峰_finalproject\project\texturemapping5\texturemapping5.cpp(2143): warning C4244: “参数”: 从“double”转换到“GLfloat”，可能丢失数据
d:\大三上课件\yaweiliang资料\20152649_张凌峰_finalproject\project\texturemapping5\texturemapping5.cpp(2144): warning C4244: “参数”: 从“double”转换到“GLfloat”，可能丢失数据
d:\大三上课件\yaweiliang资料\20152649_张凌峰_finalproject\project\texturemapping5\texturemapping5.cpp(2146): warning C4305: “参数”: 从“double”到“GLfloat”截断
d:\大三上课件\yaweiliang资料\20152649_张凌峰_finalproject\project\texturemapping5\texturemapping5.cpp(2152): warning C4244: “参数”: 从“double”转换到“GLfloat”，可能丢失数据
d:\大三上课件\yaweiliang资料\20152649_张凌峰_finalproject\project\texturemapping5\texturemapping5.cpp(2153): warning C4244: “参数”: 从“double”转换到“GLfloat”，可能丢失数据
d:\大三上课件\yaweiliang资料\20152649_张凌峰_finalproject\project\texturemapping5\texturemapping5.cpp(2154): warning C4244: “参数”: 从“double”转换到“GLfloat”，可能丢失数据
d:\大三上课件\yaweiliang资料\20152649_张凌峰_finalproject\project\texturemapping5\texturemapping5.cpp(2155): warning C4244: “参数”: 从“double”转换到“GLfloat”，可能丢失数据
d:\大三上课件\yaweiliang资料\20152649_张凌峰_finalproject\project\texturemapping5\texturemapping5.cpp(2156): warning C4244: “参数”: 从“double”转换到“GLfloat”，可能丢失数据
d:\大三上课件\yaweiliang资料\20152649_张凌峰_finalproject\project\texturemapping5\texturemapping5.cpp(2158): warning C4305: “参数”: 从“double”到“GLfloat”截断
d:\大三上课件\yaweiliang资料\20152649_张凌峰_finalproject\project\texturemapping5\texturemapping5.cpp(2164): warning C4244: “参数”: 从“double”转换到“GLfloat”，可能丢失数据
d:\大三上课件\yaweiliang资料\20152649_张凌峰_finalproject\project\texturemapping5\texturemapping5.cpp(2165): warning C4244: “参数”: 从“double”转换到“GLfloat”，可能丢失数据
d:\大三上课件\yaweiliang资料\20152649_张凌峰_finalproject\project\texturemapping5\texturemapping5.cpp(2166): warning C4244: “参数”: 从“double”转换到“GLfloat”，可能丢失数据
d:\大三上课件\yaweiliang资料\20152649_张凌峰_finalproject\project\texturemapping5\texturemapping5.cpp(2167): warning C4244: “参数”: 从“double”转换到“GLfloat”，可能丢失数据
d:\大三上课件\yaweiliang资料\20152649_张凌峰_finalproject\project\texturemapping5\texturemapping5.cpp(2168): warning C4244: “参数”: 从“double”转换到“GLfloat”，可能丢失数据
d:\大三上课件\yaweiliang资料\20152649_张凌峰_finalproject\project\texturemapping5\texturemapping5.cpp(2170): warning C4305: “参数”: 从“double”到“GLfloat”截断
d:\大三上课件\yaweiliang资料\20152649_张凌峰_finalproject\project\texturemapping5\texturemapping5.cpp(2176): warning C4244: “参数”: 从“double”转换到“GLfloat”，可能丢失数据
d:\大三上课件\yaweiliang资料\20152649_张凌峰_finalproject\project\texturemapping5\texturemapping5.cpp(2177): warning C4244: “参数”: 从“double”转换到“GLfloat”，可能丢失数据
d:\大三上课件\yaweiliang资料\20152649_张凌峰_finalproject\project\texturemapping5\texturemapping5.cpp(2178): warning C4244: “参数”: 从“double”转换到“GLfloat”，可能丢失数据
d:\大三上课件\yaweiliang资料\20152649_张凌峰_finalproject\project\texturemapping5\texturemapping5.cpp(2179): warning C4244: “参数”: 从“double”转换到“GLfloat”，可能丢失数据
d:\大三上课件\yaweiliang资料\20152649_张凌峰_finalproject\project\texturemapping5\texturemapping5.cpp(2180): warning C4244: “参数”: 从“double”转换到“GLfloat”，可能丢失数据
d:\大三上课件\yaweiliang资料\20152649_张凌峰_finalproject\project\texturemapping5\texturemapping5.cpp(2182): warning C4305: “参数”: 从“double”到“GLfloat”截断
d:\大三上课件\yaweiliang资料\20152649_张凌峰_finalproject\project\texturemapping5\texturemapping5.cpp(2188): warning C4244: “参数”: 从“double”转换到“GLfloat”，可能丢失数据
d:\大三上课件\yaweiliang资料\20152649_张凌峰_finalproject\project\texturemapping5\texturemapping5.cpp(2189): warning C4244: “参数”: 从“double”转换到“GLfloat”，可能丢失数据
d:\大三上课件\yaweiliang资料\20152649_张凌峰_finalproject\project\texturemapping5\texturemapping5.cpp(2190): warning C4244: “参数”: 从“double”转换到“GLfloat”，可能丢失数据
d:\大三上课件\yaweiliang资料\20152649_张凌峰_finalproject\project\texturemapping5\texturemapping5.cpp(2191): warning C4244: “参数”: 从“double”转换到“GLfloat”，可能丢失数据
d:\大三上课件\yaweiliang资料\20152649_张凌峰_finalproject\project\texturemapping5\texturemapping5.cpp(2192): warning C4244: “参数”: 从“double”转换到“GLfloat”，可能丢失数据
d:\大三上课件\yaweiliang资料\20152649_张凌峰_finalproject\project\texturemapping5\texturemapping5.cpp(2194): warning C4305: “参数”: 从“double”到“GLfloat”截断
d:\大三上课件\yaweiliang资料\20152649_张凌峰_finalproject\project\texturemapping5\texturemapping5.cpp(2200): warning C4244: “参数”: 从“double”转换到“GLfloat”，可能丢失数据
d:\大三上课件\yaweiliang资料\20152649_张凌峰_finalproject\project\texturemapping5\texturemapping5.cpp(2201): warning C4244: “参数”: 从“double”转换到“GLfloat”，可能丢失数据
d:\大三上课件\yaweiliang资料\20152649_张凌峰_finalproject\project\texturemapping5\texturemapping5.cpp(2202): warning C4244: “参数”: 从“double”转换到“GLfloat”，可能丢失数据
d:\大三上课件\yaweiliang资料\20152649_张凌峰_finalproject\project\texturemapping5\texturemapping5.cpp(2203): warning C4244: “参数”: 从“double”转换到“GLfloat”，可能丢失数据
d:\大三上课件\yaweiliang资料\20152649_张凌峰_finalproject\project\texturemapping5\texturemapping5.cpp(2204): warning C4244: “参数”: 从“double”转换到“GLfloat”，可能丢失数据
d:\大三上课件\yaweiliang资料\20152649_张凌峰_finalproject\project\texturemapping5\texturemapping5.cpp(2206): warning C4305: “参数”: 从“double”到“GLfloat”截断
d:\大三上课件\yaweiliang资料\20152649_张凌峰_finalproject\project\texturemapping5\texturemapping5.cpp(2212): warning C4244: “参数”: 从“double”转换到“GLfloat”，可能丢失数据
d:\大三上课件\yaweiliang资料\20152649_张凌峰_finalproject\project\texturemapping5\texturemapping5.cpp(2213): warning C4244: “参数”: 从“double”转换到“GLfloat”，可能丢失数据
d:\大三上课件\yaweiliang资料\20152649_张凌峰_finalproject\project\texturemapping5\texturemapping5.cpp(2214): warning C4244: “参数”: 从“double”转换到“GLfloat”，可能丢失数据
d:\大三上课件\yaweiliang资料\20152649_张凌峰_finalproject\project\texturemapping5\texturemapping5.cpp(2215): warning C4244: “参数”: 从“double”转换到“GLfloat”，可能丢失数据
d:\大三上课件\yaweiliang资料\20152649_张凌峰_finalproject\project\texturemapping5\texturemapping5.cpp(2216): warning C4244: “参数”: 从“double”转换到“GLfloat”，可能丢失数据
d:\大三上课件\yaweiliang资料\20152649_张凌峰_finalproject\project\texturemapping5\texturemapping5.cpp(2218): warning C4305: “参数”: 从“double”到“GLfloat”截断
d:\大三上课件\yaweiliang资料\20152649_张凌峰_finalproject\project\texturemapping5\texturemapping5.cpp(2224): warning C4244: “参数”: 从“double”转换到“GLfloat”，可能丢失数据
d:\大三上课件\yaweiliang资料\20152649_张凌峰_finalproject\project\texturemapping5\texturemapping5.cpp(2225): warning C4244: “参数”: 从“double”转换到“GLfloat”，可能丢失数据
d:\大三上课件\yaweiliang资料\20152649_张凌峰_finalproject\project\texturemapping5\texturemapping5.cpp(2226): warning C4244: “参数”: 从“double”转换到“GLfloat”，可能丢失数据
d:\大三上课件\yaweiliang资料\20152649_张凌峰_finalproject\project\texturemapping5\texturemapping5.cpp(2227): warning C4244: “参数”: 从“double”转换到“GLfloat”，可能丢失数据
d:\大三上课件\yaweiliang资料\20152649_张凌峰_finalproject\project\texturemapping5\texturemapping5.cpp(2228): warning C4244: “参数”: 从“double”转换到“GLfloat”，可能丢失数据
d:\大三上课件\yaweiliang资料\20152649_张凌峰_finalproject\project\texturemapping5\texturemapping5.cpp(2230): warning C4305: “参数”: 从“double”到“GLfloat”截断
d:\大三上课件\yaweiliang资料\20152649_张凌峰_finalproject\project\texturemapping5\texturemapping5.cpp(2236): warning C4244: “参数”: 从“double”转换到“GLfloat”，可能丢失数据
d:\大三上课件\yaweiliang资料\20152649_张凌峰_finalproject\project\texturemapping5\texturemapping5.cpp(2237): warning C4244: “参数”: 从“double”转换到“GLfloat”，可能丢失数据
d:\大三上课件\yaweiliang资料\20152649_张凌峰_finalproject\project\texturemapping5\texturemapping5.cpp(2238): warning C4244: “参数”: 从“double”转换到“GLfloat”，可能丢失数据
d:\大三上课件\yaweiliang资料\20152649_张凌峰_finalproject\project\texturemapping5\texturemapping5.cpp(2239): warning C4244: “参数”: 从“double”转换到“GLfloat”，可能丢失数据
d:\大三上课件\yaweiliang资料\20152649_张凌峰_finalproject\project\texturemapping5\texturemapping5.cpp(2240): warning C4244: “参数”: 从“double”转换到“GLfloat”，可能丢失数据
d:\大三上课件\yaweiliang资料\20152649_张凌峰_finalproject\project\texturemapping5\texturemapping5.cpp(2242): warning C4305: “参数”: 从“double”到“GLfloat”截断
d:\大三上课件\yaweiliang资料\20152649_张凌峰_finalproject\project\texturemapping5\texturemapping5.cpp(2250): warning C4244: “参数”: 从“double”转换到“GLfloat”，可能丢失数据
d:\大三上课件\yaweiliang资料\20152649_张凌峰_finalproject\project\texturemapping5\texturemapping5.cpp(2251): warning C4244: “参数”: 从“double”转换到“GLfloat”，可能丢失数据
d:\大三上课件\yaweiliang资料\20152649_张凌峰_finalproject\project\texturemapping5\texturemapping5.cpp(2252): warning C4244: “参数”: 从“double”转换到“GLfloat”，可能丢失数据
d:\大三上课件\yaweiliang资料\20152649_张凌峰_finalproject\project\texturemapping5\texturemapping5.cpp(2253): warning C4244: “参数”: 从“double”转换到“GLfloat”，可能丢失数据
d:\大三上课件\yaweiliang资料\20152649_张凌峰_finalproject\project\texturemapping5\texturemapping5.cpp(2254): warning C4244: “参数”: 从“double”转换到“GLfloat”，可能丢失数据
d:\大三上课件\yaweiliang资料\20152649_张凌峰_finalproject\project\texturemapping5\texturemapping5.cpp(2257): warning C4305: “参数”: 从“double”到“GLfloat”截断
d:\大三上课件\yaweiliang资料\20152649_张凌峰_finalproject\project\texturemapping5\texturemapping5.cpp(2263): warning C4244: “参数”: 从“double”转换到“GLfloat”，可能丢失数据
d:\大三上课件\yaweiliang资料\20152649_张凌峰_finalproject\project\texturemapping5\texturemapping5.cpp(2264): warning C4244: “参数”: 从“double”转换到“GLfloat”，可能丢失数据
d:\大三上课件\yaweiliang资料\20152649_张凌峰_finalproject\project\texturemapping5\texturemapping5.cpp(2265): warning C4244: “参数”: 从“double”转换到“GLfloat”，可能丢失数据
d:\大三上课件\yaweiliang资料\20152649_张凌峰_finalproject\project\texturemapping5\texturemapping5.cpp(2266): warning C4244: “参数”: 从“double”转换到“GLfloat”，可能丢失数据
d:\大三上课件\yaweiliang资料\20152649_张凌峰_finalproject\project\texturemapping5\texturemapping5.cpp(2267): warning C4244: “参数”: 从“double”转换到“GLfloat”，可能丢失数据
d:\大三上课件\yaweiliang资料\20152649_张凌峰_finalproject\project\texturemapping5\texturemapping5.cpp(2269): warning C4305: “参数”: 从“double”到“GLfloat”截断
d:\大三上课件\yaweiliang资料\20152649_张凌峰_finalproject\project\texturemapping5\texturemapping5.cpp(2275): warning C4244: “参数”: 从“double”转换到“GLfloat”，可能丢失数据
d:\大三上课件\yaweiliang资料\20152649_张凌峰_finalproject\project\texturemapping5\texturemapping5.cpp(2276): warning C4244: “参数”: 从“double”转换到“GLfloat”，可能丢失数据
d:\大三上课件\yaweiliang资料\20152649_张凌峰_finalproject\project\texturemapping5\texturemapping5.cpp(2277): warning C4244: “参数”: 从“double”转换到“GLfloat”，可能丢失数据
d:\大三上课件\yaweiliang资料\20152649_张凌峰_finalproject\project\texturemapping5\texturemapping5.cpp(2278): warning C4244: “参数”: 从“double”转换到“GLfloat”，可能丢失数据
d:\大三上课件\yaweiliang资料\20152649_张凌峰_finalproject\project\texturemapping5\texturemapping5.cpp(2279): warning C4244: “参数”: 从“double”转换到“GLfloat”，可能丢失数据
d:\大三上课件\yaweiliang资料\20152649_张凌峰_finalproject\project\texturemapping5\texturemapping5.cpp(2281): warning C4305: “参数”: 从“double”到“GLfloat”截断
d:\大三上课件\yaweiliang资料\20152649_张凌峰_finalproject\project\texturemapping5\texturemapping5.cpp(2287): warning C4244: “参数”: 从“double”转换到“GLfloat”，可能丢失数据
d:\大三上课件\yaweiliang资料\20152649_张凌峰_finalproject\project\texturemapping5\texturemapping5.cpp(2288): warning C4244: “参数”: 从“double”转换到“GLfloat”，可能丢失数据
d:\大三上课件\yaweiliang资料\20152649_张凌峰_finalproject\project\texturemapping5\texturemapping5.cpp(2289): warning C4244: “参数”: 从“double”转换到“GLfloat”，可能丢失数据
d:\大三上课件\yaweiliang资料\20152649_张凌峰_finalproject\project\texturemapping5\texturemapping5.cpp(2290): warning C4244: “参数”: 从“double”转换到“GLfloat”，可能丢失数据
d:\大三上课件\yaweiliang资料\20152649_张凌峰_finalproject\project\texturemapping5\texturemapping5.cpp(2291): warning C4244: “参数”: 从“double”转换到“GLfloat”，可能丢失数据
d:\大三上课件\yaweiliang资料\20152649_张凌峰_finalproject\project\texturemapping5\texturemapping5.cpp(2293): warning C4305: “参数”: 从“double”到“GLfloat”截断
d:\大三上课件\yaweiliang资料\20152649_张凌峰_finalproject\project\texturemapping5\texturemapping5.cpp(2299): warning C4244: “参数”: 从“double”转换到“GLfloat”，可能丢失数据
d:\大三上课件\yaweiliang资料\20152649_张凌峰_finalproject\project\texturemapping5\texturemapping5.cpp(2300): warning C4244: “参数”: 从“double”转换到“GLfloat”，可能丢失数据
d:\大三上课件\yaweiliang资料\20152649_张凌峰_finalproject\project\texturemapping5\texturemapping5.cpp(2301): warning C4244: “参数”: 从“double”转换到“GLfloat”，可能丢失数据
d:\大三上课件\yaweiliang资料\20152649_张凌峰_finalproject\project\texturemapping5\texturemapping5.cpp(2302): warning C4244: “参数”: 从“double”转换到“GLfloat”，可能丢失数据
d:\大三上课件\yaweiliang资料\20152649_张凌峰_finalproject\project\texturemapping5\texturemapping5.cpp(2303): warning C4244: “参数”: 从“double”转换到“GLfloat”，可能丢失数据
d:\大三上课件\yaweiliang资料\20152649_张凌峰_finalproject\project\texturemapping5\texturemapping5.cpp(2305): warning C4305: “参数”: 从“double”到“GLfloat”截断
d:\大三上课件\yaweiliang资料\20152649_张凌峰_finalproject\project\texturemapping5\texturemapping5.cpp(2311): warning C4244: “参数”: 从“double”转换到“GLfloat”，可能丢失数据
d:\大三上课件\yaweiliang资料\20152649_张凌峰_finalproject\project\texturemapping5\texturemapping5.cpp(2312): warning C4244: “参数”: 从“double”转换到“GLfloat”，可能丢失数据
d:\大三上课件\yaweiliang资料\20152649_张凌峰_finalproject\project\texturemapping5\texturemapping5.cpp(2313): warning C4244: “参数”: 从“double”转换到“GLfloat”，可能丢失数据
d:\大三上课件\yaweiliang资料\20152649_张凌峰_finalproject\project\texturemapping5\texturemapping5.cpp(2314): warning C4244: “参数”: 从“double”转换到“GLfloat”，可能丢失数据
d:\大三上课件\yaweiliang资料\20152649_张凌峰_finalproject\project\texturemapping5\texturemapping5.cpp(2315): warning C4244: “参数”: 从“double”转换到“GLfloat”，可能丢失数据
d:\大三上课件\yaweiliang资料\20152649_张凌峰_finalproject\project\texturemapping5\texturemapping5.cpp(2317): warning C4305: “参数”: 从“double”到“GLfloat”截断
d:\大三上课件\yaweiliang资料\20152649_张凌峰_finalproject\project\texturemapping5\texturemapping5.cpp(2323): warning C4244: “参数”: 从“double”转换到“GLfloat”，可能丢失数据
d:\大三上课件\yaweiliang资料\20152649_张凌峰_finalproject\project\texturemapping5\texturemapping5.cpp(2324): warning C4244: “参数”: 从“double”转换到“GLfloat”，可能丢失数据
d:\大三上课件\yaweiliang资料\20152649_张凌峰_finalproject\project\texturemapping5\texturemapping5.cpp(2325): warning C4244: “参数”: 从“double”转换到“GLfloat”，可能丢失数据
d:\大三上课件\yaweiliang资料\20152649_张凌峰_finalproject\project\texturemapping5\texturemapping5.cpp(2326): warning C4244: “参数”: 从“double”转换到“GLfloat”，可能丢失数据
d:\大三上课件\yaweiliang资料\20152649_张凌峰_finalproject\project\texturemapping5\texturemapping5.cpp(2327): warning C4244: “参数”: 从“double”转换到“GLfloat”，可能丢失数据
d:\大三上课件\yaweiliang资料\20152649_张凌峰_finalproject\project\texturemapping5\texturemapping5.cpp(2329): warning C4305: “参数”: 从“double”到“GLfloat”截断
d:\大三上课件\yaweiliang资料\20152649_张凌峰_finalproject\project\texturemapping5\texturemapping5.cpp(2335): warning C4244: “参数”: 从“double”转换到“GLfloat”，可能丢失数据
d:\大三上课件\yaweiliang资料\20152649_张凌峰_finalproject\project\texturemapping5\texturemapping5.cpp(2336): warning C4244: “参数”: 从“double”转换到“GLfloat”，可能丢失数据
d:\大三上课件\yaweiliang资料\20152649_张凌峰_finalproject\project\texturemapping5\texturemapping5.cpp(2337): warning C4244: “参数”: 从“double”转换到“GLfloat”，可能丢失数据
d:\大三上课件\yaweiliang资料\20152649_张凌峰_finalproject\project\texturemapping5\texturemapping5.cpp(2338): warning C4244: “参数”: 从“double”转换到“GLfloat”，可能丢失数据
d:\大三上课件\yaweiliang资料\20152649_张凌峰_finalproject\project\texturemapping5\texturemapping5.cpp(2339): warning C4244: “参数”: 从“double”转换到“GLfloat”，可能丢失数据
d:\大三上课件\yaweiliang资料\20152649_张凌峰_finalproject\project\texturemapping5\texturemapping5.cpp(2341): warning C4305: “参数”: 从“double”到“GLfloat”截断
d:\大三上课件\yaweiliang资料\20152649_张凌峰_finalproject\project\texturemapping5\texturemapping5.cpp(2347): warning C4244: “参数”: 从“double”转换到“GLfloat”，可能丢失数据
d:\大三上课件\yaweiliang资料\20152649_张凌峰_finalproject\project\texturemapping5\texturemapping5.cpp(2348): warning C4244: “参数”: 从“double”转换到“GLfloat”，可能丢失数据
d:\大三上课件\yaweiliang资料\20152649_张凌峰_finalproject\project\texturemapping5\texturemapping5.cpp(2349): warning C4244: “参数”: 从“double”转换到“GLfloat”，可能丢失数据
d:\大三上课件\yaweiliang资料\20152649_张凌峰_finalproject\project\texturemapping5\texturemapping5.cpp(2350): warning C4244: “参数”: 从“double”转换到“GLfloat”，可能丢失数据
d:\大三上课件\yaweiliang资料\20152649_张凌峰_finalproject\project\texturemapping5\texturemapping5.cpp(2351): warning C4244: “参数”: 从“double”转换到“GLfloat”，可能丢失数据
d:\大三上课件\yaweiliang资料\20152649_张凌峰_finalproject\project\texturemapping5\texturemapping5.cpp(2353): warning C4305: “参数”: 从“double”到“GLfloat”截断
d:\大三上课件\yaweiliang资料\20152649_张凌峰_finalproject\project\texturemapping5\texturemapping5.cpp(2359): warning C4244: “参数”: 从“double”转换到“GLfloat”，可能丢失数据
d:\大三上课件\yaweiliang资料\20152649_张凌峰_finalproject\project\texturemapping5\texturemapping5.cpp(2360): warning C4244: “参数”: 从“double”转换到“GLfloat”，可能丢失数据
d:\大三上课件\yaweiliang资料\20152649_张凌峰_finalproject\project\texturemapping5\texturemapping5.cpp(2361): warning C4244: “参数”: 从“double”转换到“GLfloat”，可能丢失数据
d:\大三上课件\yaweiliang资料\20152649_张凌峰_finalproject\project\texturemapping5\texturemapping5.cpp(2362): warning C4244: “参数”: 从“double”转换到“GLfloat”，可能丢失数据
d:\大三上课件\yaweiliang资料\20152649_张凌峰_finalproject\project\texturemapping5\texturemapping5.cpp(2363): warning C4244: “参数”: 从“double”转换到“GLfloat”，可能丢失数据
d:\大三上课件\yaweiliang资料\20152649_张凌峰_finalproject\project\texturemapping5\texturemapping5.cpp(2365): warning C4305: “参数”: 从“double”到“GLfloat”截断
d:\大三上课件\yaweiliang资料\20152649_张凌峰_finalproject\project\texturemapping5\texturemapping5.cpp(2371): warning C4244: “参数”: 从“double”转换到“GLfloat”，可能丢失数据
d:\大三上课件\yaweiliang资料\20152649_张凌峰_finalproject\project\texturemapping5\texturemapping5.cpp(2372): warning C4244: “参数”: 从“double”转换到“GLfloat”，可能丢失数据
d:\大三上课件\yaweiliang资料\20152649_张凌峰_finalproject\project\texturemapping5\texturemapping5.cpp(2373): warning C4244: “参数”: 从“double”转换到“GLfloat”，可能丢失数据
d:\大三上课件\yaweiliang资料\20152649_张凌峰_finalproject\project\texturemapping5\texturemapping5.cpp(2374): warning C4244: “参数”: 从“double”转换到“GLfloat”，可能丢失数据
d:\大三上课件\yaweiliang资料\20152649_张凌峰_finalproject\project\texturemapping5\texturemapping5.cpp(2375): warning C4244: “参数”: 从“double”转换到“GLfloat”，可能丢失数据
d:\大三上课件\yaweiliang资料\20152649_张凌峰_finalproject\project\texturemapping5\texturemapping5.cpp(2377): warning C4305: “参数”: 从“double”到“GLfloat”截断
d:\大三上课件\yaweiliang资料\20152649_张凌峰_finalproject\project\texturemapping5\texturemapping5.cpp(2383): warning C4244: “参数”: 从“double”转换到“GLfloat”，可能丢失数据
d:\大三上课件\yaweiliang资料\20152649_张凌峰_finalproject\project\texturemapping5\texturemapping5.cpp(2384): warning C4244: “参数”: 从“double”转换到“GLfloat”，可能丢失数据
d:\大三上课件\yaweiliang资料\20152649_张凌峰_finalproject\project\texturemapping5\texturemapping5.cpp(2385): warning C4244: “参数”: 从“double”转换到“GLfloat”，可能丢失数据
d:\大三上课件\yaweiliang资料\20152649_张凌峰_finalproject\project\texturemapping5\texturemapping5.cpp(2386): warning C4244: “参数”: 从“double”转换到“GLfloat”，可能丢失数据
d:\大三上课件\yaweiliang资料\20152649_张凌峰_finalproject\project\texturemapping5\texturemapping5.cpp(2387): warning C4244: “参数”: 从“double”转换到“GLfloat”，可能丢失数据
d:\大三上课件\yaweiliang资料\20152649_张凌峰_finalproject\project\texturemapping5\texturemapping5.cpp(2389): warning C4305: “参数”: 从“double”到“GLfloat”截断
d:\大三上课件\yaweiliang资料\20152649_张凌峰_finalproject\project\texturemapping5\texturemapping5.cpp(2395): warning C4244: “参数”: 从“double”转换到“GLfloat”，可能丢失数据
d:\大三上课件\yaweiliang资料\20152649_张凌峰_finalproject\project\texturemapping5\texturemapping5.cpp(2396): warning C4244: “参数”: 从“double”转换到“GLfloat”，可能丢失数据
d:\大三上课件\yaweiliang资料\20152649_张凌峰_finalproject\project\texturemapping5\texturemapping5.cpp(2397): warning C4244: “参数”: 从“double”转换到“GLfloat”，可能丢失数据
d:\大三上课件\yaweiliang资料\20152649_张凌峰_finalproject\project\texturemapping5\texturemapping5.cpp(2398): warning C4244: “参数”: 从“double”转换到“GLfloat”，可能丢失数据
d:\大三上课件\yaweiliang资料\20152649_张凌峰_finalproject\project\texturemapping5\texturemapping5.cpp(2399): warning C4244: “参数”: 从“double”转换到“GLfloat”，可能丢失数据
d:\大三上课件\yaweiliang资料\20152649_张凌峰_finalproject\project\texturemapping5\texturemapping5.cpp(2401): warning C4305: “参数”: 从“double”到“GLfloat”截断
d:\大三上课件\yaweiliang资料\20152649_张凌峰_finalproject\project\texturemapping5\texturemapping5.cpp(2407): warning C4244: “参数”: 从“double”转换到“GLfloat”，可能丢失数据
d:\大三上课件\yaweiliang资料\20152649_张凌峰_finalproject\project\texturemapping5\texturemapping5.cpp(2408): warning C4244: “参数”: 从“double”转换到“GLfloat”，可能丢失数据
d:\大三上课件\yaweiliang资料\20152649_张凌峰_finalproject\project\texturemapping5\texturemapping5.cpp(2409): warning C4244: “参数”: 从“double”转换到“GLfloat”，可能丢失数据
d:\大三上课件\yaweiliang资料\20152649_张凌峰_finalproject\project\texturemapping5\texturemapping5.cpp(2410): warning C4244: “参数”: 从“double”转换到“GLfloat”，可能丢失数据
d:\大三上课件\yaweiliang资料\20152649_张凌峰_finalproject\project\texturemapping5\texturemapping5.cpp(2411): warning C4244: “参数”: 从“double”转换到“GLfloat”，可能丢失数据
d:\大三上课件\yaweiliang资料\20152649_张凌峰_finalproject\project\texturemapping5\texturemapping5.cpp(2413): warning C4305: “参数”: 从“double”到“GLfloat”截断
d:\大三上课件\yaweiliang资料\20152649_张凌峰_finalproject\project\texturemapping5\texturemapping5.cpp(2422): warning C4244: “参数”: 从“double”转换到“GLfloat”，可能丢失数据
d:\大三上课件\yaweiliang资料\20152649_张凌峰_finalproject\project\texturemapping5\texturemapping5.cpp(2423): warning C4244: “参数”: 从“double”转换到“GLfloat”，可能丢失数据
d:\大三上课件\yaweiliang资料\20152649_张凌峰_finalproject\project\texturemapping5\texturemapping5.cpp(2424): warning C4244: “参数”: 从“double”转换到“GLfloat”，可能丢失数据
d:\大三上课件\yaweiliang资料\20152649_张凌峰_finalproject\project\texturemapping5\texturemapping5.cpp(2425): warning C4244: “参数”: 从“double”转换到“GLfloat”，可能丢失数据
d:\大三上课件\yaweiliang资料\20152649_张凌峰_finalproject\project\texturemapping5\texturemapping5.cpp(2426): warning C4244: “参数”: 从“double”转换到“GLfloat”，可能丢失数据
d:\大三上课件\yaweiliang资料\20152649_张凌峰_finalproject\project\texturemapping5\texturemapping5.cpp(2429): warning C4305: “参数”: 从“double”到“GLfloat”截断
d:\大三上课件\yaweiliang资料\20152649_张凌峰_finalproject\project\texturemapping5\texturemapping5.cpp(2435): warning C4244: “参数”: 从“double”转换到“GLfloat”，可能丢失数据
d:\大三上课件\yaweiliang资料\20152649_张凌峰_finalproject\project\texturemapping5\texturemapping5.cpp(2436): warning C4244: “参数”: 从“double”转换到“GLfloat”，可能丢失数据
d:\大三上课件\yaweiliang资料\20152649_张凌峰_finalproject\project\texturemapping5\texturemapping5.cpp(2437): warning C4244: “参数”: 从“double”转换到“GLfloat”，可能丢失数据
d:\大三上课件\yaweiliang资料\20152649_张凌峰_finalproject\project\texturemapping5\texturemapping5.cpp(2438): warning C4244: “参数”: 从“double”转换到“GLfloat”，可能丢失数据
d:\大三上课件\yaweiliang资料\20152649_张凌峰_finalproject\project\texturemapping5\texturemapping5.cpp(2439): warning C4244: “参数”: 从“double”转换到“GLfloat”，可能丢失数据
d:\大三上课件\yaweiliang资料\20152649_张凌峰_finalproject\project\texturemapping5\texturemapping5.cpp(2441): warning C4305: “参数”: 从“double”到“GLfloat”截断
d:\大三上课件\yaweiliang资料\20152649_张凌峰_finalproject\project\texturemapping5\texturemapping5.cpp(2447): warning C4244: “参数”: 从“double”转换到“GLfloat”，可能丢失数据
d:\大三上课件\yaweiliang资料\20152649_张凌峰_finalproject\project\texturemapping5\texturemapping5.cpp(2448): warning C4244: “参数”: 从“double”转换到“GLfloat”，可能丢失数据
d:\大三上课件\yaweiliang资料\20152649_张凌峰_finalproject\project\texturemapping5\texturemapping5.cpp(2449): warning C4244: “参数”: 从“double”转换到“GLfloat”，可能丢失数据
d:\大三上课件\yaweiliang资料\20152649_张凌峰_finalproject\project\texturemapping5\texturemapping5.cpp(2450): warning C4244: “参数”: 从“double”转换到“GLfloat”，可能丢失数据
d:\大三上课件\yaweiliang资料\20152649_张凌峰_finalproject\project\texturemapping5\texturemapping5.cpp(2451): warning C4244: “参数”: 从“double”转换到“GLfloat”，可能丢失数据
d:\大三上课件\yaweiliang资料\20152649_张凌峰_finalproject\project\texturemapping5\texturemapping5.cpp(2453): warning C4305: “参数”: 从“double”到“GLfloat”截断
d:\大三上课件\yaweiliang资料\20152649_张凌峰_finalproject\project\texturemapping5\texturemapping5.cpp(2459): warning C4244: “参数”: 从“double”转换到“GLfloat”，可能丢失数据
d:\大三上课件\yaweiliang资料\20152649_张凌峰_finalproject\project\texturemapping5\texturemapping5.cpp(2460): warning C4244: “参数”: 从“double”转换到“GLfloat”，可能丢失数据
d:\大三上课件\yaweiliang资料\20152649_张凌峰_finalproject\project\texturemapping5\texturemapping5.cpp(2461): warning C4244: “参数”: 从“double”转换到“GLfloat”，可能丢失数据
d:\大三上课件\yaweiliang资料\20152649_张凌峰_finalproject\project\texturemapping5\texturemapping5.cpp(2462): warning C4244: “参数”: 从“double”转换到“GLfloat”，可能丢失数据
d:\大三上课件\yaweiliang资料\20152649_张凌峰_finalproject\project\texturemapping5\texturemapping5.cpp(2463): warning C4244: “参数”: 从“double”转换到“GLfloat”，可能丢失数据
d:\大三上课件\yaweiliang资料\20152649_张凌峰_finalproject\project\texturemapping5\texturemapping5.cpp(2465): warning C4305: “参数”: 从“double”到“GLfloat”截断
d:\大三上课件\yaweiliang资料\20152649_张凌峰_finalproject\project\texturemapping5\texturemapping5.cpp(2471): warning C4244: “参数”: 从“double”转换到“GLfloat”，可能丢失数据
d:\大三上课件\yaweiliang资料\20152649_张凌峰_finalproject\project\texturemapping5\texturemapping5.cpp(2472): warning C4244: “参数”: 从“double”转换到“GLfloat”，可能丢失数据
d:\大三上课件\yaweiliang资料\20152649_张凌峰_finalproject\project\texturemapping5\texturemapping5.cpp(2473): warning C4244: “参数”: 从“double”转换到“GLfloat”，可能丢失数据
d:\大三上课件\yaweiliang资料\20152649_张凌峰_finalproject\project\texturemapping5\texturemapping5.cpp(2474): warning C4244: “参数”: 从“double”转换到“GLfloat”，可能丢失数据
d:\大三上课件\yaweiliang资料\20152649_张凌峰_finalproject\project\texturemapping5\texturemapping5.cpp(2475): warning C4244: “参数”: 从“double”转换到“GLfloat”，可能丢失数据
d:\大三上课件\yaweiliang资料\20152649_张凌峰_finalproject\project\texturemapping5\texturemapping5.cpp(2477): warning C4305: “参数”: 从“double”到“GLfloat”截断
d:\大三上课件\yaweiliang资料\20152649_张凌峰_finalproject\project\texturemapping5\texturemapping5.cpp(2483): warning C4244: “参数”: 从“double”转换到“GLfloat”，可能丢失数据
d:\大三上课件\yaweiliang资料\20152649_张凌峰_finalproject\project\texturemapping5\texturemapping5.cpp(2484): warning C4244: “参数”: 从“double”转换到“GLfloat”，可能丢失数据
d:\大三上课件\yaweiliang资料\20152649_张凌峰_finalproject\project\texturemapping5\texturemapping5.cpp(2485): warning C4244: “参数”: 从“double”转换到“GLfloat”，可能丢失数据
d:\大三上课件\yaweiliang资料\20152649_张凌峰_finalproject\project\texturemapping5\texturemapping5.cpp(2486): warning C4244: “参数”: 从“double”转换到“GLfloat”，可能丢失数据
d:\大三上课件\yaweiliang资料\20152649_张凌峰_finalproject\project\texturemapping5\texturemapping5.cpp(2487): warning C4244: “参数”: 从“double”转换到“GLfloat”，可能丢失数据
d:\大三上课件\yaweiliang资料\20152649_张凌峰_finalproject\project\texturemapping5\texturemapping5.cpp(2489): warning C4305: “参数”: 从“double”到“GLfloat”截断
d:\大三上课件\yaweiliang资料\20152649_张凌峰_finalproject\project\texturemapping5\texturemapping5.cpp(2495): warning C4244: “参数”: 从“double”转换到“GLfloat”，可能丢失数据
d:\大三上课件\yaweiliang资料\20152649_张凌峰_finalproject\project\texturemapping5\texturemapping5.cpp(2496): warning C4244: “参数”: 从“double”转换到“GLfloat”，可能丢失数据
d:\大三上课件\yaweiliang资料\20152649_张凌峰_finalproject\project\texturemapping5\texturemapping5.cpp(2497): warning C4244: “参数”: 从“double”转换到“GLfloat”，可能丢失数据
d:\大三上课件\yaweiliang资料\20152649_张凌峰_finalproject\project\texturemapping5\texturemapping5.cpp(2498): warning C4244: “参数”: 从“double”转换到“GLfloat”，可能丢失数据
d:\大三上课件\yaweiliang资料\20152649_张凌峰_finalproject\project\texturemapping5\texturemapping5.cpp(2499): warning C4244: “参数”: 从“double”转换到“GLfloat”，可能丢失数据
d:\大三上课件\yaweiliang资料\20152649_张凌峰_finalproject\project\texturemapping5\texturemapping5.cpp(2501): warning C4305: “参数”: 从“double”到“GLfloat”截断
d:\大三上课件\yaweiliang资料\20152649_张凌峰_finalproject\project\texturemapping5\texturemapping5.cpp(2507): warning C4244: “参数”: 从“double”转换到“GLfloat”，可能丢失数据
d:\大三上课件\yaweiliang资料\20152649_张凌峰_finalproject\project\texturemapping5\texturemapping5.cpp(2508): warning C4244: “参数”: 从“double”转换到“GLfloat”，可能丢失数据
d:\大三上课件\yaweiliang资料\20152649_张凌峰_finalproject\project\texturemapping5\texturemapping5.cpp(2509): warning C4244: “参数”: 从“double”转换到“GLfloat”，可能丢失数据
d:\大三上课件\yaweiliang资料\20152649_张凌峰_finalproject\project\texturemapping5\texturemapping5.cpp(2510): warning C4244: “参数”: 从“double”转换到“GLfloat”，可能丢失数据
d:\大三上课件\yaweiliang资料\20152649_张凌峰_finalproject\project\texturemapping5\texturemapping5.cpp(2511): warning C4244: “参数”: 从“double”转换到“GLfloat”，可能丢失数据
d:\大三上课件\yaweiliang资料\20152649_张凌峰_finalproject\project\texturemapping5\texturemapping5.cpp(2513): warning C4305: “参数”: 从“double”到“GLfloat”截断
d:\大三上课件\yaweiliang资料\20152649_张凌峰_finalproject\project\texturemapping5\texturemapping5.cpp(2519): warning C4244: “参数”: 从“double”转换到“GLfloat”，可能丢失数据
d:\大三上课件\yaweiliang资料\20152649_张凌峰_finalproject\project\texturemapping5\texturemapping5.cpp(2520): warning C4244: “参数”: 从“double”转换到“GLfloat”，可能丢失数据
d:\大三上课件\yaweiliang资料\20152649_张凌峰_finalproject\project\texturemapping5\texturemapping5.cpp(2521): warning C4244: “参数”: 从“double”转换到“GLfloat”，可能丢失数据
d:\大三上课件\yaweiliang资料\20152649_张凌峰_finalproject\project\texturemapping5\texturemapping5.cpp(2522): warning C4244: “参数”: 从“double”转换到“GLfloat”，可能丢失数据
d:\大三上课件\yaweiliang资料\20152649_张凌峰_finalproject\project\texturemapping5\texturemapping5.cpp(2523): warning C4244: “参数”: 从“double”转换到“GLfloat”，可能丢失数据
d:\大三上课件\yaweiliang资料\20152649_张凌峰_finalproject\project\texturemapping5\texturemapping5.cpp(2525): warning C4305: “参数”: 从“double”到“GLfloat”截断
d:\大三上课件\yaweiliang资料\20152649_张凌峰_finalproject\project\texturemapping5\texturemapping5.cpp(2531): warning C4244: “参数”: 从“double”转换到“GLfloat”，可能丢失数据
d:\大三上课件\yaweiliang资料\20152649_张凌峰_finalproject\project\texturemapping5\texturemapping5.cpp(2532): warning C4244: “参数”: 从“double”转换到“GLfloat”，可能丢失数据
d:\大三上课件\yaweiliang资料\20152649_张凌峰_finalproject\project\texturemapping5\texturemapping5.cpp(2533): warning C4244: “参数”: 从“double”转换到“GLfloat”，可能丢失数据
d:\大三上课件\yaweiliang资料\20152649_张凌峰_finalproject\project\texturemapping5\texturemapping5.cpp(2534): warning C4244: “参数”: 从“double”转换到“GLfloat”，可能丢失数据
d:\大三上课件\yaweiliang资料\20152649_张凌峰_finalproject\project\texturemapping5\texturemapping5.cpp(2535): warning C4244: “参数”: 从“double”转换到“GLfloat”，可能丢失数据
d:\大三上课件\yaweiliang资料\20152649_张凌峰_finalproject\project\texturemapping5\texturemapping5.cpp(2537): warning C4305: “参数”: 从“double”到“GLfloat”截断
d:\大三上课件\yaweiliang资料\20152649_张凌峰_finalproject\project\texturemapping5\texturemapping5.cpp(2543): warning C4244: “参数”: 从“double”转换到“GLfloat”，可能丢失数据
d:\大三上课件\yaweiliang资料\20152649_张凌峰_finalproject\project\texturemapping5\texturemapping5.cpp(2544): warning C4244: “参数”: 从“double”转换到“GLfloat”，可能丢失数据
d:\大三上课件\yaweiliang资料\20152649_张凌峰_finalproject\project\texturemapping5\texturemapping5.cpp(2545): warning C4244: “参数”: 从“double”转换到“GLfloat”，可能丢失数据
d:\大三上课件\yaweiliang资料\20152649_张凌峰_finalproject\project\texturemapping5\texturemapping5.cpp(2546): warning C4244: “参数”: 从“double”转换到“GLfloat”，可能丢失数据
d:\大三上课件\yaweiliang资料\20152649_张凌峰_finalproject\project\texturemapping5\texturemapping5.cpp(2547): warning C4244: “参数”: 从“double”转换到“GLfloat”，可能丢失数据
d:\大三上课件\yaweiliang资料\20152649_张凌峰_finalproject\project\texturemapping5\texturemapping5.cpp(2549): warning C4305: “参数”: 从“double”到“GLfloat”截断
d:\大三上课件\yaweiliang资料\20152649_张凌峰_finalproject\project\texturemapping5\texturemapping5.cpp(2555): warning C4244: “参数”: 从“double”转换到“GLfloat”，可能丢失数据
d:\大三上课件\yaweiliang资料\20152649_张凌峰_finalproject\project\texturemapping5\texturemapping5.cpp(2556): warning C4244: “参数”: 从“double”转换到“GLfloat”，可能丢失数据
d:\大三上课件\yaweiliang资料\20152649_张凌峰_finalproject\project\texturemapping5\texturemapping5.cpp(2557): warning C4244: “参数”: 从“double”转换到“GLfloat”，可能丢失数据
d:\大三上课件\yaweiliang资料\20152649_张凌峰_finalproject\project\texturemapping5\texturemapping5.cpp(2558): warning C4244: “参数”: 从“double”转换到“GLfloat”，可能丢失数据
d:\大三上课件\yaweiliang资料\20152649_张凌峰_finalproject\project\texturemapping5\texturemapping5.cpp(2559): warning C4244: “参数”: 从“double”转换到“GLfloat”，可能丢失数据
d:\大三上课件\yaweiliang资料\20152649_张凌峰_finalproject\project\texturemapping5\texturemapping5.cpp(2561): warning C4305: “参数”: 从“double”到“GLfloat”截断
d:\大三上课件\yaweiliang资料\20152649_张凌峰_finalproject\project\texturemapping5\texturemapping5.cpp(2567): warning C4244: “参数”: 从“double”转换到“GLfloat”，可能丢失数据
d:\大三上课件\yaweiliang资料\20152649_张凌峰_finalproject\project\texturemapping5\texturemapping5.cpp(2568): warning C4244: “参数”: 从“double”转换到“GLfloat”，可能丢失数据
d:\大三上课件\yaweiliang资料\20152649_张凌峰_finalproject\project\texturemapping5\texturemapping5.cpp(2569): warning C4244: “参数”: 从“double”转换到“GLfloat”，可能丢失数据
d:\大三上课件\yaweiliang资料\20152649_张凌峰_finalproject\project\texturemapping5\texturemapping5.cpp(2570): warning C4244: “参数”: 从“double”转换到“GLfloat”，可能丢失数据
d:\大三上课件\yaweiliang资料\20152649_张凌峰_finalproject\project\texturemapping5\texturemapping5.cpp(2571): warning C4244: “参数”: 从“double”转换到“GLfloat”，可能丢失数据
d:\大三上课件\yaweiliang资料\20152649_张凌峰_finalproject\project\texturemapping5\texturemapping5.cpp(2573): warning C4305: “参数”: 从“double”到“GLfloat”截断
d:\大三上课件\yaweiliang资料\20152649_张凌峰_finalproject\project\texturemapping5\texturemapping5.cpp(2579): warning C4244: “参数”: 从“double”转换到“GLfloat”，可能丢失数据
d:\大三上课件\yaweiliang资料\20152649_张凌峰_finalproject\project\texturemapping5\texturemapping5.cpp(2580): warning C4244: “参数”: 从“double”转换到“GLfloat”，可能丢失数据
d:\大三上课件\yaweiliang资料\20152649_张凌峰_finalproject\project\texturemapping5\texturemapping5.cpp(2581): warning C4244: “参数”: 从“double”转换到“GLfloat”，可能丢失数据
d:\大三上课件\yaweiliang资料\20152649_张凌峰_finalproject\project\texturemapping5\texturemapping5.cpp(2582): warning C4244: “参数”: 从“double”转换到“GLfloat”，可能丢失数据
d:\大三上课件\yaweiliang资料\20152649_张凌峰_finalproject\project\texturemapping5\texturemapping5.cpp(2583): warning C4244: “参数”: 从“double”转换到“GLfloat”，可能丢失数据
d:\大三上课件\yaweiliang资料\20152649_张凌峰_finalproject\project\texturemapping5\texturemapping5.cpp(2585): warning C4305: “参数”: 从“double”到“GLfloat”截断
d:\大三上课件\yaweiliang资料\20152649_张凌峰_finalproject\project\texturemapping5\texturemapping5.cpp(2592): warning C4244: “参数”: 从“double”转换到“GLfloat”，可能丢失数据
d:\大三上课件\yaweiliang资料\20152649_张凌峰_finalproject\project\texturemapping5\texturemapping5.cpp(2593): warning C4244: “参数”: 从“double”转换到“GLfloat”，可能丢失数据
d:\大三上课件\yaweiliang资料\20152649_张凌峰_finalproject\project\texturemapping5\texturemapping5.cpp(2594): warning C4244: “参数”: 从“double”转换到“GLfloat”，可能丢失数据
d:\大三上课件\yaweiliang资料\20152649_张凌峰_finalproject\project\texturemapping5\texturemapping5.cpp(2595): warning C4244: “参数”: 从“double”转换到“GLfloat”，可能丢失数据
d:\大三上课件\yaweiliang资料\20152649_张凌峰_finalproject\project\texturemapping5\texturemapping5.cpp(2596): warning C4244: “参数”: 从“double”转换到“GLfloat”，可能丢失数据
d:\大三上课件\yaweiliang资料\20152649_张凌峰_finalproject\project\texturemapping5\texturemapping5.cpp(2599): warning C4305: “参数”: 从“double”到“GLfloat”截断
d:\大三上课件\yaweiliang资料\20152649_张凌峰_finalproject\project\texturemapping5\texturemapping5.cpp(2624): warning C4244: “参数”: 从“double”转换到“GLfloat”，可能丢失数据
d:\大三上课件\yaweiliang资料\20152649_张凌峰_finalproject\project\texturemapping5\texturemapping5.cpp(2625): warning C4244: “参数”: 从“double”转换到“GLfloat”，可能丢失数据
d:\大三上课件\yaweiliang资料\20152649_张凌峰_finalproject\project\texturemapping5\texturemapping5.cpp(2626): warning C4244: “参数”: 从“double”转换到“GLfloat”，可能丢失数据
d:\大三上课件\yaweiliang资料\20152649_张凌峰_finalproject\project\texturemapping5\texturemapping5.cpp(2627): warning C4244: “参数”: 从“double”转换到“GLfloat”，可能丢失数据
d:\大三上课件\yaweiliang资料\20152649_张凌峰_finalproject\project\texturemapping5\texturemapping5.cpp(2628): warning C4244: “参数”: 从“double”转换到“GLfloat”，可能丢失数据
d:\大三上课件\yaweiliang资料\20152649_张凌峰_finalproject\project\texturemapping5\texturemapping5.cpp(2631): warning C4305: “参数”: 从“double”到“GLfloat”截断
d:\大三上课件\yaweiliang资料\20152649_张凌峰_finalproject\project\texturemapping5\texturemapping5.cpp(2646): warning C4244: “参数”: 从“double”转换到“GLfloat”，可能丢失数据
d:\大三上课件\yaweiliang资料\20152649_张凌峰_finalproject\project\texturemapping5\texturemapping5.cpp(2647): warning C4244: “参数”: 从“double”转换到“GLfloat”，可能丢失数据
d:\大三上课件\yaweiliang资料\20152649_张凌峰_finalproject\project\texturemapping5\texturemapping5.cpp(2648): warning C4244: “参数”: 从“double”转换到“GLfloat”，可能丢失数据
d:\大三上课件\yaweiliang资料\20152649_张凌峰_finalproject\project\texturemapping5\texturemapping5.cpp(2649): warning C4244: “参数”: 从“double”转换到“GLfloat”，可能丢失数据
d:\大三上课件\yaweiliang资料\20152649_张凌峰_finalproject\project\texturemapping5\texturemapping5.cpp(2650): warning C4244: “参数”: 从“double”转换到“GLfloat”，可能丢失数据
d:\大三上课件\yaweiliang资料\20152649_张凌峰_finalproject\project\texturemapping5\texturemapping5.cpp(2653): warning C4305: “参数”: 从“double”到“GLfloat”截断
d:\大三上课件\yaweiliang资料\20152649_张凌峰_finalproject\project\texturemapping5\texturemapping5.cpp(2671): warning C4244: “参数”: 从“double”转换到“GLfloat”，可能丢失数据
d:\大三上课件\yaweiliang资料\20152649_张凌峰_finalproject\project\texturemapping5\texturemapping5.cpp(2672): warning C4244: “参数”: 从“double”转换到“GLfloat”，可能丢失数据
d:\大三上课件\yaweiliang资料\20152649_张凌峰_finalproject\project\texturemapping5\texturemapping5.cpp(2673): warning C4244: “参数”: 从“double”转换到“GLfloat”，可能丢失数据
d:\大三上课件\yaweiliang资料\20152649_张凌峰_finalproject\project\texturemapping5\texturemapping5.cpp(2674): warning C4244: “参数”: 从“double”转换到“GLfloat”，可能丢失数据
d:\大三上课件\yaweiliang资料\20152649_张凌峰_finalproject\project\texturemapping5\texturemapping5.cpp(2675): warning C4244: “参数”: 从“double”转换到“GLfloat”，可能丢失数据
d:\大三上课件\yaweiliang资料\20152649_张凌峰_finalproject\project\texturemapping5\texturemapping5.cpp(2678): warning C4305: “参数”: 从“double”到“GLfloat”截断
d:\大三上课件\yaweiliang资料\20152649_张凌峰_finalproject\project\texturemapping5\texturemapping5.cpp(2683): warning C4244: “参数”: 从“double”转换到“GLfloat”，可能丢失数据
d:\大三上课件\yaweiliang资料\20152649_张凌峰_finalproject\project\texturemapping5\texturemapping5.cpp(2684): warning C4244: “参数”: 从“double”转换到“GLfloat”，可能丢失数据
d:\大三上课件\yaweiliang资料\20152649_张凌峰_finalproject\project\texturemapping5\texturemapping5.cpp(2685): warning C4244: “参数”: 从“double”转换到“GLfloat”，可能丢失数据
d:\大三上课件\yaweiliang资料\20152649_张凌峰_finalproject\project\texturemapping5\texturemapping5.cpp(2686): warning C4244: “参数”: 从“double”转换到“GLfloat”，可能丢失数据
d:\大三上课件\yaweiliang资料\20152649_张凌峰_finalproject\project\texturemapping5\texturemapping5.cpp(2687): warning C4244: “参数”: 从“double”转换到“GLfloat”，可能丢失数据
d:\大三上课件\yaweiliang资料\20152649_张凌峰_finalproject\project\texturemapping5\texturemapping5.cpp(2690): warning C4305: “参数”: 从“double”到“GLfloat”截断
d:\大三上课件\yaweiliang资料\20152649_张凌峰_finalproject\project\texturemapping5\texturemapping5.cpp(2695): warning C4244: “参数”: 从“double”转换到“GLfloat”，可能丢失数据
d:\大三上课件\yaweiliang资料\20152649_张凌峰_finalproject\project\texturemapping5\texturemapping5.cpp(2696): warning C4244: “参数”: 从“double”转换到“GLfloat”，可能丢失数据
d:\大三上课件\yaweiliang资料\20152649_张凌峰_finalproject\project\texturemapping5\texturemapping5.cpp(2697): warning C4244: “参数”: 从“double”转换到“GLfloat”，可能丢失数据
d:\大三上课件\yaweiliang资料\20152649_张凌峰_finalproject\project\texturemapping5\texturemapping5.cpp(2698): warning C4244: “参数”: 从“double”转换到“GLfloat”，可能丢失数据
d:\大三上课件\yaweiliang资料\20152649_张凌峰_finalproject\project\texturemapping5\texturemapping5.cpp(2699): warning C4244: “参数”: 从“double”转换到“GLfloat”，可能丢失数据
d:\大三上课件\yaweiliang资料\20152649_张凌峰_finalproject\project\texturemapping5\texturemapping5.cpp(2702): warning C4305: “参数”: 从“double”到“GLfloat”截断
d:\大三上课件\yaweiliang资料\20152649_张凌峰_finalproject\project\texturemapping5\texturemapping5.cpp(2707): warning C4244: “参数”: 从“double”转换到“GLfloat”，可能丢失数据
d:\大三上课件\yaweiliang资料\20152649_张凌峰_finalproject\project\texturemapping5\texturemapping5.cpp(2708): warning C4244: “参数”: 从“double”转换到“GLfloat”，可能丢失数据
d:\大三上课件\yaweiliang资料\20152649_张凌峰_finalproject\project\texturemapping5\texturemapping5.cpp(2709): warning C4244: “参数”: 从“double”转换到“GLfloat”，可能丢失数据
d:\大三上课件\yaweiliang资料\20152649_张凌峰_finalproject\project\texturemapping5\texturemapping5.cpp(2710): warning C4244: “参数”: 从“double”转换到“GLfloat”，可能丢失数据
d:\大三上课件\yaweiliang资料\20152649_张凌峰_finalproject\project\texturemapping5\texturemapping5.cpp(2711): warning C4244: “参数”: 从“double”转换到“GLfloat”，可能丢失数据
d:\大三上课件\yaweiliang资料\20152649_张凌峰_finalproject\project\texturemapping5\texturemapping5.cpp(2714): warning C4305: “参数”: 从“double”到“GLfloat”截断
d:\大三上课件\yaweiliang资料\20152649_张凌峰_finalproject\project\texturemapping5\texturemapping5.cpp(2720): warning C4244: “参数”: 从“double”转换到“GLfloat”，可能丢失数据
d:\大三上课件\yaweiliang资料\20152649_张凌峰_finalproject\project\texturemapping5\texturemapping5.cpp(2721): warning C4244: “参数”: 从“double”转换到“GLfloat”，可能丢失数据
d:\大三上课件\yaweiliang资料\20152649_张凌峰_finalproject\project\texturemapping5\texturemapping5.cpp(2723): warning C4244: “参数”: 从“double”转换到“GLfloat”，可能丢失数据
d:\大三上课件\yaweiliang资料\20152649_张凌峰_finalproject\project\texturemapping5\texturemapping5.cpp(2724): warning C4244: “参数”: 从“double”转换到“GLfloat”，可能丢失数据
d:\大三上课件\yaweiliang资料\20152649_张凌峰_finalproject\project\texturemapping5\texturemapping5.cpp(2725): warning C4244: “参数”: 从“double”转换到“GLfloat”，可能丢失数据
d:\大三上课件\yaweiliang资料\20152649_张凌峰_finalproject\project\texturemapping5\texturemapping5.cpp(2726): warning C4244: “参数”: 从“double”转换到“GLfloat”，可能丢失数据
d:\大三上课件\yaweiliang资料\20152649_张凌峰_finalproject\project\texturemapping5\texturemapping5.cpp(2727): warning C4244: “参数”: 从“double”转换到“GLfloat”，可能丢失数据
d:\大三上课件\yaweiliang资料\20152649_张凌峰_finalproject\project\texturemapping5\texturemapping5.cpp(2801): warning C4244: “参数”: 从“double”转换到“GLfloat”，可能丢失数据
d:\大三上课件\yaweiliang资料\20152649_张凌峰_finalproject\project\texturemapping5\texturemapping5.cpp(2802): warning C4244: “参数”: 从“double”转换到“GLfloat”，可能丢失数据
d:\大三上课件\yaweiliang资料\20152649_张凌峰_finalproject\project\texturemapping5\texturemapping5.cpp(2803): warning C4244: “参数”: 从“double”转换到“GLfloat”，可能丢失数据
d:\大三上课件\yaweiliang资料\20152649_张凌峰_finalproject\project\texturemapping5\texturemapping5.cpp(2804): warning C4244: “参数”: 从“double”转换到“GLfloat”，可能丢失数据
d:\大三上课件\yaweiliang资料\20152649_张凌峰_finalproject\project\texturemapping5\texturemapping5.cpp(2812): warning C4244: “参数”: 从“double”转换到“GLfloat”，可能丢失数据
d:\大三上课件\yaweiliang资料\20152649_张凌峰_finalproject\project\texturemapping5\texturemapping5.cpp(2818): warning C4244: “参数”: 从“double”转换到“GLfloat”，可能丢失数据
d:\大三上课件\yaweiliang资料\20152649_张凌峰_finalproject\project\texturemapping5\texturemapping5.cpp(2819): warning C4244: “参数”: 从“double”转换到“GLfloat”，可能丢失数据
d:\大三上课件\yaweiliang资料\20152649_张凌峰_finalproject\project\texturemapping5\texturemapping5.cpp(2820): warning C4244: “参数”: 从“double”转换到“GLfloat”，可能丢失数据
d:\大三上课件\yaweiliang资料\20152649_张凌峰_finalproject\project\texturemapping5\texturemapping5.cpp(2821): warning C4244: “参数”: 从“double”转换到“GLfloat”，可能丢失数据
d:\大三上课件\yaweiliang资料\20152649_张凌峰_finalproject\project\texturemapping5\texturemapping5.cpp(2829): warning C4244: “参数”: 从“double”转换到“GLfloat”，可能丢失数据
d:\大三上课件\yaweiliang资料\20152649_张凌峰_finalproject\project\texturemapping5\texturemapping5.cpp(2838): warning C4244: “参数”: 从“double”转换到“GLfloat”，可能丢失数据
d:\大三上课件\yaweiliang资料\20152649_张凌峰_finalproject\project\texturemapping5\texturemapping5.cpp(2839): warning C4244: “参数”: 从“double”转换到“GLfloat”，可能丢失数据
d:\大三上课件\yaweiliang资料\20152649_张凌峰_finalproject\project\texturemapping5\texturemapping5.cpp(2840): warning C4244: “参数”: 从“double”转换到“GLfloat”，可能丢失数据
d:\大三上课件\yaweiliang资料\20152649_张凌峰_finalproject\project\texturemapping5\texturemapping5.cpp(2841): warning C4244: “参数”: 从“double”转换到“GLfloat”，可能丢失数据
d:\大三上课件\yaweiliang资料\20152649_张凌峰_finalproject\project\texturemapping5\texturemapping5.cpp(2849): warning C4244: “参数”: 从“double”转换到“GLfloat”，可能丢失数据
d:\大三上课件\yaweiliang资料\20152649_张凌峰_finalproject\project\texturemapping5\texturemapping5.cpp(2855): warning C4244: “参数”: 从“double”转换到“GLfloat”，可能丢失数据
d:\大三上课件\yaweiliang资料\20152649_张凌峰_finalproject\project\texturemapping5\texturemapping5.cpp(2856): warning C4244: “参数”: 从“double”转换到“GLfloat”，可能丢失数据
d:\大三上课件\yaweiliang资料\20152649_张凌峰_finalproject\project\texturemapping5\texturemapping5.cpp(2857): warning C4244: “参数”: 从“double”转换到“GLfloat”，可能丢失数据
d:\大三上课件\yaweiliang资料\20152649_张凌峰_finalproject\project\texturemapping5\texturemapping5.cpp(2858): warning C4244: “参数”: 从“double”转换到“GLfloat”，可能丢失数据
d:\大三上课件\yaweiliang资料\20152649_张凌峰_finalproject\project\texturemapping5\texturemapping5.cpp(2866): warning C4244: “参数”: 从“double”转换到“GLfloat”，可能丢失数据
d:\大三上课件\yaweiliang资料\20152649_张凌峰_finalproject\project\texturemapping5\texturemapping5.cpp(2953): warning C4244: “参数”: 从“GLfloat”转换到“int”，可能丢失数据
  RgbImage.cpp
d:\大三上课件\yaweiliang资料\20152649_张凌峰_finalproject\project\texturemapping5\rgbimage.cpp(60): warning C4996: 'fopen': This function or variable may be unsafe. Consider using fopen_s instead. To disable deprecation, use _CRT_SECURE_NO_WARNINGS. See online help for details.
  c:\program files (x86)\windows kits\10\include\10.0.16299.0\ucrt\stdio.h(207): note: 参见“fopen”的声明
d:\大三上课件\yaweiliang资料\20152649_张凌峰_finalproject\project\texturemapping5\rgbimage.cpp(179): warning C4996: 'fopen': This function or variable may be unsafe. Consider using fopen_s instead. To disable deprecation, use _CRT_SECURE_NO_WARNINGS. See online help for details.
  c:\program files (x86)\windows kits\10\include\10.0.16299.0\ucrt\stdio.h(207): note: 参见“fopen”的声明
  正在生成代码...
  TextureMapping5.vcxproj -> D:\大三上课件\YaweiLiang资料\20152649_张凌峰_finalProject\project\Debug\TextureMapping5.exe
